# JRE version: OpenJDK Runtime Environment (15.0.2+10) (build 15.0.2+10)
# Java VM: OpenJDK 64-Bit Server VM (15.0.2+10, mixed mode, sharing, tiered, compressed oops, g1 gc, windows-amd64)
GC Precious Log:
 CPUs: 20 total, 20 available
 Memory: 16051M
 Large Page Support: Disabled
 NUMA Support: Disabled
 Compressed Oops: Enabled (Zero based)
 Heap Region Size: 2M
 Heap Min Capacity: 8M
 Heap Initial Capacity: 252M
 Heap Max Capacity: 4014M
 Pre-touch: Disabled
 Parallel Workers: 15
 Concurrent Workers: 4
 Concurrent Refinement Workers: 15
 Periodic GC: Disabled
Heap:
 garbage-first heap   total 167936K, used 105140K [0x0000000705200000, 0x0000000800000000)
  region size 2048K, 7 young (14336K), 2 survivors (4096K)
 Metaspace       used 50760K, capacity 51042K, committed 51664K, reserved 1093632K
  class space    used 6651K, capacity 6759K, committed 6868K, reserved 1048576K
GC Heap History (20 events):
Event: 1.077 GC heap before
{Heap before GC invocations=2 (full 0):
 garbage-first heap   total 258048K, used 41925K [0x0000000705200000, 0x0000000800000000)
  region size 2048K, 14 young (28672K), 2 survivors (4096K)
 Metaspace       used 20736K, capacity 20945K, committed 21248K, reserved 1069056K
  class space    used 2242K, capacity 2299K, committed 2304K, reserved 1048576K
}
Event: 1.081 GC heap after
{Heap after GC invocations=3 (full 0):
 garbage-first heap   total 258048K, used 25793K [0x0000000705200000, 0x0000000800000000)
  region size 2048K, 2 young (4096K), 2 survivors (4096K)
 Metaspace       used 20736K, capacity 20945K, committed 21248K, reserved 1069056K
  class space    used 2242K, capacity 2299K, committed 2304K, reserved 1048576K
}
Event: 2.036 GC heap before
{Heap before GC invocations=4 (full 0):
 garbage-first heap   total 96256K, used 76993K [0x0000000705200000, 0x0000000800000000)
  region size 2048K, 28 young (57344K), 2 survivors (4096K)
 Metaspace       used 30478K, capacity 30740K, committed 31484K, reserved 1077248K
  class space    used 3392K, capacity 3498K, committed 3584K, reserved 1048576K
}
Event: 2.040 GC heap after
{Heap after GC invocations=5 (full 0):
 garbage-first heap   total 96256K, used 31309K [0x0000000705200000, 0x0000000800000000)
  region size 2048K, 4 young (8192K), 4 survivors (8192K)
 Metaspace       used 30478K, capacity 30740K, committed 31484K, reserved 1077248K
  class space    used 3392K, capacity 3498K, committed 3584K, reserved 1048576K
}
Event: 4.296 GC heap before
{Heap before GC invocations=5 (full 0):
 garbage-first heap   total 96256K, used 57933K [0x0000000705200000, 0x0000000800000000)
  region size 2048K, 18 young (36864K), 4 survivors (8192K)
 Metaspace       used 33873K, capacity 34172K, committed 34684K, reserved 1079296K
  class space    used 3802K, capacity 3891K, committed 3968K, reserved 1048576K
}
Event: 4.304 GC heap after
{Heap after GC invocations=6 (full 0):
 garbage-first heap   total 96256K, used 36728K [0x0000000705200000, 0x0000000800000000)
  region size 2048K, 3 young (6144K), 3 survivors (6144K)
 Metaspace       used 33873K, capacity 34172K, committed 34684K, reserved 1079296K
  class space    used 3802K, capacity 3891K, committed 3968K, reserved 1048576K
}
Event: 5.100 GC heap before
{Heap before GC invocations=6 (full 0):
 garbage-first heap   total 96256K, used 53112K [0x0000000705200000, 0x0000000800000000)
  region size 2048K, 12 young (24576K), 3 survivors (6144K)
 Metaspace       used 35355K, capacity 35554K, committed 36048K, reserved 1081344K
  class space    used 4170K, capacity 4244K, committed 4308K, reserved 1048576K
}
Event: 5.105 GC heap after
{Heap after GC invocations=7 (full 0):
 garbage-first heap   total 116736K, used 41061K [0x0000000705200000, 0x0000000800000000)
  region size 2048K, 2 young (4096K), 2 survivors (4096K)
 Metaspace       used 35355K, capacity 35554K, committed 36048K, reserved 1081344K
  class space    used 4170K, capacity 4244K, committed 4308K, reserved 1048576K
}
Event: 7.482 GC heap before
{Heap before GC invocations=8 (full 0):
 garbage-first heap   total 116736K, used 73829K [0x0000000705200000, 0x0000000800000000)
  region size 2048K, 19 young (38912K), 2 survivors (4096K)
 Metaspace       used 39721K, capacity 39938K, committed 40656K, reserved 1085440K
  class space    used 4969K, capacity 5045K, committed 5076K, reserved 1048576K
}
Event: 7.486 GC heap after
{Heap after GC invocations=9 (full 0):
 garbage-first heap   total 116736K, used 47645K [0x0000000705200000, 0x0000000800000000)
  region size 2048K, 3 young (6144K), 3 survivors (6144K)
 Metaspace       used 39721K, capacity 39938K, committed 40656K, reserved 1085440K
  class space    used 4969K, capacity 5045K, committed 5076K, reserved 1048576K
}
Event: 8.708 GC heap before
{Heap before GC invocations=9 (full 0):
 garbage-first heap   total 116736K, used 80413K [0x0000000705200000, 0x0000000800000000)
  region size 2048K, 19 young (38912K), 3 survivors (6144K)
 Metaspace       used 45484K, capacity 45874K, committed 46672K, reserved 1089536K
  class space    used 5785K, capacity 5891K, committed 5972K, reserved 1048576K
}
Event: 8.715 GC heap after
{Heap after GC invocations=10 (full 0):
 garbage-first heap   total 116736K, used 55594K [0x0000000705200000, 0x0000000800000000)
  region size 2048K, 3 young (6144K), 3 survivors (6144K)
 Metaspace       used 45484K, capacity 45874K, committed 46672K, reserved 1089536K
  class space    used 5785K, capacity 5891K, committed 5972K, reserved 1048576K
}
Event: 8.988 GC heap before
{Heap before GC invocations=10 (full 0):
 garbage-first heap   total 116736K, used 76074K [0x0000000705200000, 0x0000000800000000)
  region size 2048K, 14 young (28672K), 3 survivors (6144K)
 Metaspace       used 46321K, capacity 46674K, committed 47440K, reserved 1091584K
  class space    used 5999K, capacity 6115K, committed 6228K, reserved 1048576K
}
Event: 8.994 GC heap after
{Heap after GC invocations=11 (full 0):
 garbage-first heap   total 116736K, used 63159K [0x0000000705200000, 0x0000000800000000)
  region size 2048K, 2 young (4096K), 2 survivors (4096K)
 Metaspace       used 46321K, capacity 46674K, committed 47440K, reserved 1091584K
  class space    used 5999K, capacity 6115K, committed 6228K, reserved 1048576K
}
Event: 9.138 GC heap before
{Heap before GC invocations=12 (full 0):
 garbage-first heap   total 137216K, used 91831K [0x0000000705200000, 0x0000000800000000)
  region size 2048K, 12 young (24576K), 2 survivors (4096K)
 Metaspace       used 46747K, capacity 47091K, committed 47824K, reserved 1091584K
  class space    used 6099K, capacity 6211K, committed 6356K, reserved 1048576K
}
Event: 9.141 GC heap after
{Heap after GC invocations=13 (full 0):
 garbage-first heap   total 137216K, used 77290K [0x0000000705200000, 0x0000000800000000)
  region size 2048K, 2 young (4096K), 2 survivors (4096K)
 Metaspace       used 46747K, capacity 47091K, committed 47824K, reserved 1091584K
  class space    used 6099K, capacity 6211K, committed 6356K, reserved 1048576K
}
Event: 9.353 GC heap before
{Heap before GC invocations=13 (full 0):
 garbage-first heap   total 137216K, used 101866K [0x0000000705200000, 0x0000000800000000)
  region size 2048K, 14 young (28672K), 2 survivors (4096K)
 Metaspace       used 47216K, capacity 47571K, committed 48208K, reserved 1091584K
  class space    used 6256K, capacity 6371K, committed 6484K, reserved 1048576K
}
Event: 9.356 GC heap after
{Heap after GC invocations=14 (full 0):
 garbage-first heap   total 137216K, used 84456K [0x0000000705200000, 0x0000000800000000)
  region size 2048K, 2 young (4096K), 2 survivors (4096K)
 Metaspace       used 47216K, capacity 47571K, committed 48208K, reserved 1091584K
  class space    used 6256K, capacity 6371K, committed 6484K, reserved 1048576K
}
Event: 9.655 GC heap before
{Heap before GC invocations=15 (full 0):
 garbage-first heap   total 147456K, used 92648K [0x0000000705200000, 0x0000000800000000)
  region size 2048K, 8 young (16384K), 2 survivors (4096K)
 Metaspace       used 48251K, capacity 48595K, committed 49360K, reserved 1091584K
  class space    used 6363K, capacity 6499K, committed 6612K, reserved 1048576K
}
Event: 9.657 GC heap after
{Heap after GC invocations=16 (full 0):
 garbage-first heap   total 147456K, used 88756K [0x0000000705200000, 0x0000000800000000)
  region size 2048K, 2 young (4096K), 2 survivors (4096K)
 Metaspace       used 48251K, capacity 48595K, committed 49360K, reserved 1091584K
  class space    used 6363K, capacity 6499K, committed 6612K, reserved 1048576K
}

