# JRE version: OpenJDK Runtime Environment (15.0.2+10) (build 15.0.2+10)
# Java VM: OpenJDK 64-Bit Server VM (15.0.2+10, mixed mode, sharing, tiered, compressed oops, g1 gc, windows-amd64)
GC Precious Log:
 CPUs: 20 total, 20 available
 Memory: 16051M
 Large Page Support: Disabled
 NUMA Support: Disabled
 Compressed Oops: Enabled (Zero based)
 Heap Region Size: 2M
 Heap Min Capacity: 8M
 Heap Initial Capacity: 252M
 Heap Max Capacity: 4014M
 Pre-touch: Disabled
 Parallel Workers: 15
 Concurrent Workers: 4
 Concurrent Refinement Workers: 15
 Periodic GC: Disabled
Heap:
 garbage-first heap   total 178176K, used 127428K [0x0000000705200000, 0x0000000800000000)
  region size 2048K, 15 young (30720K), 2 survivors (4096K)
 Metaspace       used 51141K, capacity 51463K, committed 52048K, reserved 1093632K
  class space    used 6747K, capacity 6855K, committed 6992K, reserved 1048576K
GC Heap History (20 events):
Event: 1.759 GC heap before
{Heap before GC invocations=2 (full 0):
 garbage-first heap   total 258048K, used 46530K [0x0000000705200000, 0x0000000800000000)
  region size 2048K, 14 young (28672K), 2 survivors (4096K)
 Metaspace       used 20799K, capacity 21011K, committed 21248K, reserved 1069056K
  class space    used 2243K, capacity 2299K, committed 2304K, reserved 1048576K
}
Event: 1.764 GC heap after
{Heap after GC invocations=3 (full 0):
 garbage-first heap   total 258048K, used 30287K [0x0000000705200000, 0x0000000800000000)
  region size 2048K, 2 young (4096K), 2 survivors (4096K)
 Metaspace       used 20799K, capacity 21011K, committed 21248K, reserved 1069056K
  class space    used 2243K, capacity 2299K, committed 2304K, reserved 1048576K
}
Event: 3.839 GC heap before
{Heap before GC invocations=4 (full 0):
 garbage-first heap   total 110592K, used 89679K [0x0000000705200000, 0x0000000800000000)
  region size 2048K, 32 young (65536K), 2 survivors (4096K)
 Metaspace       used 31919K, capacity 32198K, committed 32636K, reserved 1079296K
  class space    used 3579K, capacity 3663K, committed 3708K, reserved 1048576K
}
Event: 3.849 GC heap after
{Heap after GC invocations=5 (full 0):
 garbage-first heap   total 110592K, used 37581K [0x0000000705200000, 0x0000000800000000)
  region size 2048K, 4 young (8192K), 4 survivors (8192K)
 Metaspace       used 31919K, capacity 32198K, committed 32636K, reserved 1079296K
  class space    used 3579K, capacity 3663K, committed 3708K, reserved 1048576K
}
Event: 7.586 GC heap before
{Heap before GC invocations=5 (full 0):
 garbage-first heap   total 110592K, used 66253K [0x0000000705200000, 0x0000000800000000)
  region size 2048K, 19 young (38912K), 4 survivors (8192K)
 Metaspace       used 34804K, capacity 35039K, committed 35452K, reserved 1081344K
  class space    used 4016K, capacity 4115K, committed 4220K, reserved 1048576K
}
Event: 7.597 GC heap after
{Heap after GC invocations=6 (full 0):
 garbage-first heap   total 133120K, used 43906K [0x0000000705200000, 0x0000000800000000)
  region size 2048K, 3 young (6144K), 3 survivors (6144K)
 Metaspace       used 34804K, capacity 35039K, committed 35452K, reserved 1081344K
  class space    used 4016K, capacity 4115K, committed 4220K, reserved 1048576K
}
Event: 8.018 GC heap before
{Heap before GC invocations=6 (full 0):
 garbage-first heap   total 133120K, used 50050K [0x0000000705200000, 0x0000000800000000)
  region size 2048K, 7 young (14336K), 3 survivors (6144K)
 Metaspace       used 35475K, capacity 35715K, committed 36048K, reserved 1081344K
  class space    used 4189K, capacity 4276K, committed 4304K, reserved 1048576K
}
Event: 8.023 GC heap after
{Heap after GC invocations=7 (full 0):
 garbage-first heap   total 133120K, used 46412K [0x0000000705200000, 0x0000000800000000)
  region size 2048K, 2 young (4096K), 2 survivors (4096K)
 Metaspace       used 35475K, capacity 35715K, committed 36048K, reserved 1081344K
  class space    used 4189K, capacity 4276K, committed 4304K, reserved 1048576K
}
Event: 12.597 GC heap before
{Heap before GC invocations=8 (full 0):
 garbage-first heap   total 133120K, used 87372K [0x0000000705200000, 0x0000000800000000)
  region size 2048K, 23 young (47104K), 2 survivors (4096K)
 Metaspace       used 40662K, capacity 40967K, committed 41680K, reserved 1085440K
  class space    used 5139K, capacity 5237K, committed 5328K, reserved 1048576K
}
Event: 12.610 GC heap after
{Heap after GC invocations=9 (full 0):
 garbage-first heap   total 133120K, used 54312K [0x0000000705200000, 0x0000000800000000)
  region size 2048K, 3 young (6144K), 3 survivors (6144K)
 Metaspace       used 40662K, capacity 40967K, committed 41680K, reserved 1085440K
  class space    used 5139K, capacity 5237K, committed 5328K, reserved 1048576K
}
Event: 14.244 GC heap before
{Heap before GC invocations=9 (full 0):
 garbage-first heap   total 133120K, used 93224K [0x0000000705200000, 0x0000000800000000)
  region size 2048K, 22 young (45056K), 3 survivors (6144K)
 Metaspace       used 46396K, capacity 46711K, committed 47440K, reserved 1091584K
  class space    used 5976K, capacity 6083K, committed 6224K, reserved 1048576K
}
Event: 14.254 GC heap after
{Heap after GC invocations=10 (full 0):
 garbage-first heap   total 133120K, used 65006K [0x0000000705200000, 0x0000000800000000)
  region size 2048K, 3 young (6144K), 3 survivors (6144K)
 Metaspace       used 46396K, capacity 46711K, committed 47440K, reserved 1091584K
  class space    used 5976K, capacity 6083K, committed 6224K, reserved 1048576K
}
Event: 14.562 GC heap before
{Heap before GC invocations=10 (full 0):
 garbage-first heap   total 133120K, used 75246K [0x0000000705200000, 0x0000000800000000)
  region size 2048K, 9 young (18432K), 3 survivors (6144K)
 Metaspace       used 46831K, capacity 47159K, committed 47824K, reserved 1091584K
  class space    used 6095K, capacity 6211K, committed 6352K, reserved 1048576K
}
Event: 14.567 GC heap after
{Heap after GC invocations=11 (full 0):
 garbage-first heap   total 133120K, used 69199K [0x0000000705200000, 0x0000000800000000)
  region size 2048K, 2 young (4096K), 2 survivors (4096K)
 Metaspace       used 46831K, capacity 47159K, committed 47824K, reserved 1091584K
  class space    used 6095K, capacity 6211K, committed 6352K, reserved 1048576K
}
Event: 14.871 GC heap before
{Heap before GC invocations=12 (full 0):
 garbage-first heap   total 143360K, used 104015K [0x0000000705200000, 0x0000000800000000)
  region size 2048K, 15 young (30720K), 2 survivors (4096K)
 Metaspace       used 47362K, capacity 47736K, committed 48464K, reserved 1091584K
  class space    used 6230K, capacity 6339K, committed 6480K, reserved 1048576K
}
Event: 14.875 GC heap after
{Heap after GC invocations=13 (full 0):
 garbage-first heap   total 143360K, used 84755K [0x0000000705200000, 0x0000000800000000)
  region size 2048K, 2 young (4096K), 2 survivors (4096K)
 Metaspace       used 47362K, capacity 47736K, committed 48464K, reserved 1091584K
  class space    used 6230K, capacity 6339K, committed 6480K, reserved 1048576K
}
Event: 15.217 GC heap before
{Heap before GC invocations=13 (full 0):
 garbage-first heap   total 143360K, used 109331K [0x0000000705200000, 0x0000000800000000)
  region size 2048K, 14 young (28672K), 2 survivors (4096K)
 Metaspace       used 47818K, capacity 48152K, committed 48848K, reserved 1091584K
  class space    used 6386K, capacity 6499K, committed 6608K, reserved 1048576K
}
Event: 15.222 GC heap after
{Heap after GC invocations=14 (full 0):
 garbage-first heap   total 143360K, used 91932K [0x0000000705200000, 0x0000000800000000)
  region size 2048K, 2 young (4096K), 2 survivors (4096K)
 Metaspace       used 47818K, capacity 48152K, committed 48848K, reserved 1091584K
  class space    used 6386K, capacity 6499K, committed 6608K, reserved 1048576K
}
Event: 15.567 GC heap before
{Heap before GC invocations=15 (full 0):
 garbage-first heap   total 161792K, used 98076K [0x0000000705200000, 0x0000000800000000)
  region size 2048K, 6 young (12288K), 2 survivors (4096K)
 Metaspace       used 48762K, capacity 49144K, committed 49744K, reserved 1091584K
  class space    used 6461K, capacity 6595K, committed 6736K, reserved 1048576K
}
Event: 15.570 GC heap after
{Heap after GC invocations=16 (full 0):
 garbage-first heap   total 161792K, used 94660K [0x0000000705200000, 0x0000000800000000)
  region size 2048K, 2 young (4096K), 2 survivors (4096K)
 Metaspace       used 48762K, capacity 49144K, committed 49744K, reserved 1091584K
  class space    used 6461K, capacity 6595K, committed 6736K, reserved 1048576K
}

