# JRE version: OpenJDK Runtime Environment (15.0.2+10) (build 15.0.2+10)
# Java VM: OpenJDK 64-Bit Server VM (15.0.2+10, mixed mode, sharing, tiered, compressed oops, g1 gc, windows-amd64)
GC Precious Log:
 CPUs: 20 total, 20 available
 Memory: 16051M
 Large Page Support: Disabled
 NUMA Support: Disabled
 Compressed Oops: Enabled (Zero based)
 Heap Region Size: 2M
 Heap Min Capacity: 8M
 Heap Initial Capacity: 252M
 Heap Max Capacity: 4014M
 Pre-touch: Disabled
 Parallel Workers: 15
 Concurrent Workers: 4
 Concurrent Refinement Workers: 15
 Periodic GC: Disabled
Heap:
 garbage-first heap   total 172032K, used 101731K [0x0000000705200000, 0x0000000800000000)
  region size 2048K, 5 young (10240K), 2 survivors (4096K)
 Metaspace       used 50392K, capacity 50711K, committed 51328K, reserved 1093632K
  class space    used 6653K, capacity 6758K, committed 6784K, reserved 1048576K
GC Heap History (20 events):
Event: 0.997 GC heap before
{Heap before GC invocations=2 (full 0):
 garbage-first heap   total 258048K, used 41902K [0x0000000705200000, 0x0000000800000000)
  region size 2048K, 14 young (28672K), 2 survivors (4096K)
 Metaspace       used 20791K, capacity 21004K, committed 21248K, reserved 1069056K
  class space    used 2248K, capacity 2299K, committed 2304K, reserved 1048576K
}
Event: 1.001 GC heap after
{Heap after GC invocations=3 (full 0):
 garbage-first heap   total 258048K, used 25725K [0x0000000705200000, 0x0000000800000000)
  region size 2048K, 2 young (4096K), 2 survivors (4096K)
 Metaspace       used 20791K, capacity 21004K, committed 21248K, reserved 1069056K
  class space    used 2248K, capacity 2299K, committed 2304K, reserved 1048576K
}
Event: 1.854 GC heap before
{Heap before GC invocations=4 (full 0):
 garbage-first heap   total 96256K, used 76925K [0x0000000705200000, 0x0000000800000000)
  region size 2048K, 28 young (57344K), 2 survivors (4096K)
 Metaspace       used 30510K, capacity 30735K, committed 31232K, reserved 1077248K
  class space    used 3395K, capacity 3498K, committed 3584K, reserved 1048576K
}
Event: 1.858 GC heap after
{Heap after GC invocations=5 (full 0):
 garbage-first heap   total 96256K, used 31316K [0x0000000705200000, 0x0000000800000000)
  region size 2048K, 4 young (8192K), 4 survivors (8192K)
 Metaspace       used 30510K, capacity 30735K, committed 31232K, reserved 1077248K
  class space    used 3395K, capacity 3498K, committed 3584K, reserved 1048576K
}
Event: 4.094 GC heap before
{Heap before GC invocations=5 (full 0):
 garbage-first heap   total 96256K, used 57940K [0x0000000705200000, 0x0000000800000000)
  region size 2048K, 18 young (36864K), 4 survivors (8192K)
 Metaspace       used 33907K, capacity 34167K, committed 34688K, reserved 1079296K
  class space    used 3810K, capacity 3891K, committed 3968K, reserved 1048576K
}
Event: 4.099 GC heap after
{Heap after GC invocations=6 (full 0):
 garbage-first heap   total 116736K, used 36845K [0x0000000705200000, 0x0000000800000000)
  region size 2048K, 3 young (6144K), 3 survivors (6144K)
 Metaspace       used 33907K, capacity 34167K, committed 34688K, reserved 1079296K
  class space    used 3810K, capacity 3891K, committed 3968K, reserved 1048576K
}
Event: 4.815 GC heap before
{Heap before GC invocations=6 (full 0):
 garbage-first heap   total 116736K, used 53229K [0x0000000705200000, 0x0000000800000000)
  region size 2048K, 12 young (24576K), 3 survivors (6144K)
 Metaspace       used 35294K, capacity 35517K, committed 35840K, reserved 1081344K
  class space    used 4146K, capacity 4212K, committed 4224K, reserved 1048576K
}
Event: 4.819 GC heap after
{Heap after GC invocations=7 (full 0):
 garbage-first heap   total 116736K, used 41681K [0x0000000705200000, 0x0000000800000000)
  region size 2048K, 3 young (6144K), 3 survivors (6144K)
 Metaspace       used 35294K, capacity 35517K, committed 35840K, reserved 1081344K
  class space    used 4146K, capacity 4212K, committed 4224K, reserved 1048576K
}
Event: 7.004 GC heap before
{Heap before GC invocations=8 (full 0):
 garbage-first heap   total 116736K, used 72401K [0x0000000705200000, 0x0000000800000000)
  region size 2048K, 19 young (38912K), 3 survivors (6144K)
 Metaspace       used 39276K, capacity 39549K, committed 40064K, reserved 1085440K
  class space    used 4847K, capacity 4917K, committed 4992K, reserved 1048576K
}
Event: 7.008 GC heap after
{Heap after GC invocations=9 (full 0):
 garbage-first heap   total 116736K, used 47853K [0x0000000705200000, 0x0000000800000000)
  region size 2048K, 3 young (6144K), 3 survivors (6144K)
 Metaspace       used 39276K, capacity 39549K, committed 40064K, reserved 1085440K
  class space    used 4847K, capacity 4917K, committed 4992K, reserved 1048576K
}
Event: 8.368 GC heap before
{Heap before GC invocations=9 (full 0):
 garbage-first heap   total 116736K, used 80621K [0x0000000705200000, 0x0000000800000000)
  region size 2048K, 19 young (38912K), 3 survivors (6144K)
 Metaspace       used 45373K, capacity 45741K, committed 46464K, reserved 1089536K
  class space    used 5780K, capacity 5891K, committed 6016K, reserved 1048576K
}
Event: 8.374 GC heap after
{Heap after GC invocations=10 (full 0):
 garbage-first heap   total 116736K, used 56039K [0x0000000705200000, 0x0000000800000000)
  region size 2048K, 3 young (6144K), 3 survivors (6144K)
 Metaspace       used 45373K, capacity 45741K, committed 46464K, reserved 1089536K
  class space    used 5780K, capacity 5891K, committed 6016K, reserved 1048576K
}
Event: 8.711 GC heap before
{Heap before GC invocations=10 (full 0):
 garbage-first heap   total 116736K, used 78567K [0x0000000705200000, 0x0000000800000000)
  region size 2048K, 15 young (30720K), 3 survivors (6144K)
 Metaspace       used 46327K, capacity 46669K, committed 47104K, reserved 1089536K
  class space    used 6013K, capacity 6115K, committed 6144K, reserved 1048576K
}
Event: 8.714 GC heap after
{Heap after GC invocations=11 (full 0):
 garbage-first heap   total 116736K, used 64128K [0x0000000705200000, 0x0000000800000000)
  region size 2048K, 2 young (4096K), 2 survivors (4096K)
 Metaspace       used 46327K, capacity 46669K, committed 47104K, reserved 1089536K
  class space    used 6013K, capacity 6115K, committed 6144K, reserved 1048576K
}
Event: 8.868 GC heap before
{Heap before GC invocations=12 (full 0):
 garbage-first heap   total 133120K, used 94848K [0x0000000705200000, 0x0000000800000000)
  region size 2048K, 12 young (24576K), 2 survivors (4096K)
 Metaspace       used 46773K, capacity 47086K, committed 47744K, reserved 1091584K
  class space    used 6114K, capacity 6211K, committed 6272K, reserved 1048576K
}
Event: 8.870 GC heap after
{Heap after GC invocations=13 (full 0):
 garbage-first heap   total 133120K, used 78196K [0x0000000705200000, 0x0000000800000000)
  region size 2048K, 2 young (4096K), 2 survivors (4096K)
 Metaspace       used 46773K, capacity 47086K, committed 47744K, reserved 1091584K
  class space    used 6114K, capacity 6211K, committed 6272K, reserved 1048576K
}
Event: 9.054 GC heap before
{Heap before GC invocations=13 (full 0):
 garbage-first heap   total 133120K, used 100724K [0x0000000705200000, 0x0000000800000000)
  region size 2048K, 13 young (26624K), 2 survivors (4096K)
 Metaspace       used 47203K, capacity 47566K, committed 48128K, reserved 1091584K
  class space    used 6260K, capacity 6371K, committed 6400K, reserved 1048576K
}
Event: 9.057 GC heap after
{Heap after GC invocations=14 (full 0):
 garbage-first heap   total 133120K, used 84855K [0x0000000705200000, 0x0000000800000000)
  region size 2048K, 2 young (4096K), 2 survivors (4096K)
 Metaspace       used 47203K, capacity 47566K, committed 48128K, reserved 1091584K
  class space    used 6260K, capacity 6371K, committed 6400K, reserved 1048576K
}
Event: 9.298 GC heap before
{Heap before GC invocations=15 (full 0):
 garbage-first heap   total 147456K, used 97143K [0x0000000705200000, 0x0000000800000000)
  region size 2048K, 9 young (18432K), 2 survivors (4096K)
 Metaspace       used 48274K, capacity 48654K, committed 49280K, reserved 1091584K
  class space    used 6384K, capacity 6499K, committed 6528K, reserved 1048576K
}
Event: 9.300 GC heap after
{Heap after GC invocations=16 (full 0):
 garbage-first heap   total 147456K, used 89443K [0x0000000705200000, 0x0000000800000000)
  region size 2048K, 2 young (4096K), 2 survivors (4096K)
 Metaspace       used 48274K, capacity 48654K, committed 49280K, reserved 1091584K
  class space    used 6384K, capacity 6499K, committed 6528K, reserved 1048576K
}

