# JRE version: OpenJDK Runtime Environment (15.0.2+10) (build 15.0.2+10)
# Java VM: OpenJDK 64-Bit Server VM (15.0.2+10, mixed mode, sharing, tiered, compressed oops, g1 gc, windows-amd64)
GC Precious Log:
 CPUs: 20 total, 20 available
 Memory: 16051M
 Large Page Support: Disabled
 NUMA Support: Disabled
 Compressed Oops: Enabled (Zero based)
 Heap Region Size: 2M
 Heap Min Capacity: 8M
 Heap Initial Capacity: 252M
 Heap Max Capacity: 4014M
 Pre-touch: Disabled
 Parallel Workers: 15
 Concurrent Workers: 4
 Concurrent Refinement Workers: 15
 Periodic GC: Disabled
Heap:
 garbage-first heap   total 157696K, used 108684K [0x0000000705200000, 0x0000000800000000)
  region size 2048K, 13 young (26624K), 2 survivors (4096K)
 Metaspace       used 51139K, capacity 51465K, committed 52048K, reserved 1093632K
  class space    used 6782K, capacity 6887K, committed 6992K, reserved 1048576K
GC Heap History (20 events):
Event: 3.634 GC heap before
{Heap before GC invocations=4 (full 0):
 garbage-first heap   total 110592K, used 89961K [0x0000000705200000, 0x0000000800000000)
  region size 2048K, 32 young (65536K), 2 survivors (4096K)
 Metaspace       used 32005K, capacity 32258K, committed 32764K, reserved 1079296K
  class space    used 3592K, capacity 3695K, committed 3836K, reserved 1048576K
}
Event: 3.640 GC heap after
{Heap after GC invocations=5 (full 0):
 garbage-first heap   total 110592K, used 37439K [0x0000000705200000, 0x0000000800000000)
  region size 2048K, 4 young (8192K), 4 survivors (8192K)
 Metaspace       used 32005K, capacity 32258K, committed 32764K, reserved 1079296K
  class space    used 3592K, capacity 3695K, committed 3836K, reserved 1048576K
}
Event: 6.098 GC heap before
{Heap before GC invocations=5 (full 0):
 garbage-first heap   total 110592K, used 68159K [0x0000000705200000, 0x0000000800000000)
  region size 2048K, 19 young (38912K), 4 survivors (8192K)
 Metaspace       used 34877K, capacity 35099K, committed 35708K, reserved 1081344K
  class space    used 4001K, capacity 4083K, committed 4220K, reserved 1048576K
}
Event: 6.105 GC heap after
{Heap after GC invocations=6 (full 0):
 garbage-first heap   total 110592K, used 43757K [0x0000000705200000, 0x0000000800000000)
  region size 2048K, 3 young (6144K), 3 survivors (6144K)
 Metaspace       used 34877K, capacity 35099K, committed 35708K, reserved 1081344K
  class space    used 4001K, capacity 4083K, committed 4220K, reserved 1048576K
}
Event: 6.282 GC heap before
{Heap before GC invocations=6 (full 0):
 garbage-first heap   total 110592K, used 45805K [0x0000000705200000, 0x0000000800000000)
  region size 2048K, 5 young (10240K), 3 survivors (6144K)
 Metaspace       used 35453K, capacity 35675K, committed 36048K, reserved 1081344K
  class space    used 4104K, capacity 4211K, committed 4304K, reserved 1048576K
}
Event: 6.286 GC heap after
{Heap after GC invocations=7 (full 0):
 garbage-first heap   total 110592K, used 45868K [0x0000000705200000, 0x0000000800000000)
  region size 2048K, 1 young (2048K), 1 survivors (2048K)
 Metaspace       used 35453K, capacity 35675K, committed 36048K, reserved 1081344K
  class space    used 4104K, capacity 4211K, committed 4304K, reserved 1048576K
}
Event: 7.555 GC heap before
{Heap before GC invocations=8 (full 0):
 garbage-first heap   total 110592K, used 72492K [0x0000000705200000, 0x0000000800000000)
  region size 2048K, 15 young (30720K), 1 survivors (2048K)
 Metaspace       used 38907K, capacity 39145K, committed 39888K, reserved 1085440K
  class space    used 4697K, capacity 4789K, committed 4816K, reserved 1048576K
}
Event: 7.559 GC heap after
{Heap after GC invocations=9 (full 0):
 garbage-first heap   total 110592K, used 51428K [0x0000000705200000, 0x0000000800000000)
  region size 2048K, 2 young (4096K), 2 survivors (4096K)
 Metaspace       used 38907K, capacity 39145K, committed 39888K, reserved 1085440K
  class space    used 4697K, capacity 4789K, committed 4816K, reserved 1048576K
}
Event: 9.536 GC heap before
{Heap before GC invocations=9 (full 0):
 garbage-first heap   total 110592K, used 76004K [0x0000000705200000, 0x0000000800000000)
  region size 2048K, 14 young (28672K), 2 survivors (4096K)
 Metaspace       used 41365K, capacity 41643K, committed 42320K, reserved 1085440K
  class space    used 5282K, capacity 5365K, committed 5456K, reserved 1048576K
}
Event: 9.543 GC heap after
{Heap after GC invocations=10 (full 0):
 garbage-first heap   total 110592K, used 56542K [0x0000000705200000, 0x0000000800000000)
  region size 2048K, 2 young (4096K), 2 survivors (4096K)
 Metaspace       used 41365K, capacity 41643K, committed 42320K, reserved 1085440K
  class space    used 5282K, capacity 5365K, committed 5456K, reserved 1048576K
}
Event: 12.013 GC heap before
{Heap before GC invocations=10 (full 0):
 garbage-first heap   total 110592K, used 77022K [0x0000000705200000, 0x0000000800000000)
  region size 2048K, 13 young (26624K), 2 survivors (4096K)
 Metaspace       used 46190K, capacity 46521K, committed 47312K, reserved 1091584K
  class space    used 5888K, capacity 5987K, committed 6096K, reserved 1048576K
}
Event: 12.018 GC heap after
{Heap after GC invocations=11 (full 0):
 garbage-first heap   total 110592K, used 61783K [0x0000000705200000, 0x0000000800000000)
  region size 2048K, 2 young (4096K), 2 survivors (4096K)
 Metaspace       used 46190K, capacity 46521K, committed 47312K, reserved 1091584K
  class space    used 5888K, capacity 5987K, committed 6096K, reserved 1048576K
}
Event: 12.292 GC heap before
{Heap before GC invocations=12 (full 0):
 garbage-first heap   total 110592K, used 78167K [0x0000000705200000, 0x0000000800000000)
  region size 2048K, 11 young (22528K), 2 survivors (4096K)
 Metaspace       used 46936K, capacity 47289K, committed 47952K, reserved 1091584K
  class space    used 6072K, capacity 6179K, committed 6224K, reserved 1048576K
}
Event: 12.295 GC heap after
{Heap after GC invocations=13 (full 0):
 garbage-first heap   total 110592K, used 68143K [0x0000000705200000, 0x0000000800000000)
  region size 2048K, 2 young (4096K), 2 survivors (4096K)
 Metaspace       used 46936K, capacity 47289K, committed 47952K, reserved 1091584K
  class space    used 6072K, capacity 6179K, committed 6224K, reserved 1048576K
}
Event: 12.373 GC heap before
{Heap before GC invocations=13 (full 0):
 garbage-first heap   total 110592K, used 72239K [0x0000000705200000, 0x0000000800000000)
  region size 2048K, 5 young (10240K), 2 survivors (4096K)
 Metaspace       used 47101K, capacity 47481K, committed 48080K, reserved 1091584K
  class space    used 6120K, capacity 6243K, committed 6352K, reserved 1048576K
}
Event: 12.377 GC heap after
{Heap after GC invocations=14 (full 0):
 garbage-first heap   total 110592K, used 70374K [0x0000000705200000, 0x0000000800000000)
  region size 2048K, 1 young (2048K), 1 survivors (2048K)
 Metaspace       used 47101K, capacity 47481K, committed 48080K, reserved 1091584K
  class space    used 6120K, capacity 6243K, committed 6352K, reserved 1048576K
}
Event: 12.493 GC heap before
{Heap before GC invocations=15 (full 0):
 garbage-first heap   total 147456K, used 92902K [0x0000000705200000, 0x0000000800000000)
  region size 2048K, 8 young (16384K), 1 survivors (2048K)
 Metaspace       used 47302K, capacity 47641K, committed 48336K, reserved 1091584K
  class space    used 6172K, capacity 6275K, committed 6352K, reserved 1048576K
}
Event: 12.497 GC heap after
{Heap after GC invocations=16 (full 0):
 garbage-first heap   total 147456K, used 81992K [0x0000000705200000, 0x0000000800000000)
  region size 2048K, 1 young (2048K), 1 survivors (2048K)
 Metaspace       used 47302K, capacity 47641K, committed 48336K, reserved 1091584K
  class space    used 6172K, capacity 6275K, committed 6352K, reserved 1048576K
}
Event: 12.769 GC heap before
{Heap before GC invocations=16 (full 0):
 garbage-first heap   total 147456K, used 110664K [0x0000000705200000, 0x0000000800000000)
  region size 2048K, 15 young (30720K), 1 survivors (2048K)
 Metaspace       used 47974K, capacity 48282K, committed 49104K, reserved 1091584K
  class space    used 6363K, capacity 6467K, committed 6608K, reserved 1048576K
}
Event: 12.772 GC heap after
{Heap after GC invocations=17 (full 0):
 garbage-first heap   total 147456K, used 90252K [0x0000000705200000, 0x0000000800000000)
  region size 2048K, 2 young (4096K), 2 survivors (4096K)
 Metaspace       used 47974K, capacity 48282K, committed 49104K, reserved 1091584K
  class space    used 6363K, capacity 6467K, committed 6608K, reserved 1048576K
}

