# JRE version: OpenJDK Runtime Environment (15.0.2+10) (build 15.0.2+10)
# Java VM: OpenJDK 64-Bit Server VM (15.0.2+10, mixed mode, sharing, tiered, compressed oops, g1 gc, windows-amd64)
GC Precious Log:
 CPUs: 20 total, 20 available
 Memory: 16051M
 Large Page Support: Disabled
 NUMA Support: Disabled
 Compressed Oops: Enabled (Zero based)
 Heap Region Size: 2M
 Heap Min Capacity: 8M
 Heap Initial Capacity: 252M
 Heap Max Capacity: 4014M
 Pre-touch: Disabled
 Parallel Workers: 15
 Concurrent Workers: 4
 Concurrent Refinement Workers: 15
 Periodic GC: Disabled
Heap:
 garbage-first heap   total 172032K, used 104161K [0x0000000705200000, 0x0000000800000000)
  region size 2048K, 7 young (14336K), 3 survivors (6144K)
 Metaspace       used 50569K, capacity 50882K, committed 51664K, reserved 1093632K
  class space    used 6675K, capacity 6791K, committed 6868K, reserved 1048576K
GC Heap History (18 events):
Event: 0.184 GC heap before
{Heap before GC invocations=0 (full 0):
 garbage-first heap   total 258048K, used 22528K [0x0000000705200000, 0x0000000800000000)
  region size 2048K, 11 young (22528K), 0 survivors (0K)
 Metaspace       used 609K, capacity 4480K, committed 4480K, reserved 1056768K
  class space    used 20K, capacity 384K, committed 384K, reserved 1048576K
}
Event: 0.200 GC heap after
{Heap after GC invocations=1 (full 0):
 garbage-first heap   total 258048K, used 14501K [0x0000000705200000, 0x0000000800000000)
  region size 2048K, 2 young (4096K), 2 survivors (4096K)
 Metaspace       used 609K, capacity 4480K, committed 4480K, reserved 1056768K
  class space    used 20K, capacity 384K, committed 384K, reserved 1048576K
}
Event: 0.860 GC heap before
{Heap before GC invocations=1 (full 0):
 garbage-first heap   total 258048K, used 28837K [0x0000000705200000, 0x0000000800000000)
  region size 2048K, 10 young (20480K), 2 survivors (4096K)
 Metaspace       used 12676K, capacity 12911K, committed 13440K, reserved 1060864K
  class space    used 1452K, capacity 1552K, committed 1664K, reserved 1048576K
}
Event: 0.870 GC heap after
{Heap after GC invocations=2 (full 0):
 garbage-first heap   total 258048K, used 21914K [0x0000000705200000, 0x0000000800000000)
  region size 2048K, 2 young (4096K), 2 survivors (4096K)
 Metaspace       used 12676K, capacity 12911K, committed 13440K, reserved 1060864K
  class space    used 1452K, capacity 1552K, committed 1664K, reserved 1048576K
}
Event: 1.257 GC heap before
{Heap before GC invocations=2 (full 0):
 garbage-first heap   total 258048K, used 42394K [0x0000000705200000, 0x0000000800000000)
  region size 2048K, 14 young (28672K), 2 survivors (4096K)
 Metaspace       used 20776K, capacity 21009K, committed 21248K, reserved 1069056K
  class space    used 2242K, capacity 2299K, committed 2304K, reserved 1048576K
}
Event: 1.269 GC heap after
{Heap after GC invocations=3 (full 0):
 garbage-first heap   total 258048K, used 26239K [0x0000000705200000, 0x0000000800000000)
  region size 2048K, 2 young (4096K), 2 survivors (4096K)
 Metaspace       used 20776K, capacity 21009K, committed 21248K, reserved 1069056K
  class space    used 2242K, capacity 2299K, committed 2304K, reserved 1048576K
}
Event: 2.240 GC heap before
{Heap before GC invocations=4 (full 0):
 garbage-first heap   total 96256K, used 77439K [0x0000000705200000, 0x0000000800000000)
  region size 2048K, 28 young (57344K), 2 survivors (4096K)
 Metaspace       used 30582K, capacity 30867K, committed 31484K, reserved 1077248K
  class space    used 3400K, capacity 3498K, committed 3584K, reserved 1048576K
}
Event: 2.267 GC heap after
{Heap after GC invocations=5 (full 0):
 garbage-first heap   total 96256K, used 31710K [0x0000000705200000, 0x0000000800000000)
  region size 2048K, 4 young (8192K), 4 survivors (8192K)
 Metaspace       used 30582K, capacity 30867K, committed 31484K, reserved 1077248K
  class space    used 3400K, capacity 3498K, committed 3584K, reserved 1048576K
}
Event: 4.243 GC heap before
{Heap before GC invocations=5 (full 0):
 garbage-first heap   total 96256K, used 58334K [0x0000000705200000, 0x0000000800000000)
  region size 2048K, 18 young (36864K), 4 survivors (8192K)
 Metaspace       used 33943K, capacity 34171K, committed 34684K, reserved 1079296K
  class space    used 3810K, capacity 3891K, committed 3968K, reserved 1048576K
}
Event: 4.266 GC heap after
{Heap after GC invocations=6 (full 0):
 garbage-first heap   total 178176K, used 37342K [0x0000000705200000, 0x0000000800000000)
  region size 2048K, 3 young (6144K), 3 survivors (6144K)
 Metaspace       used 33943K, capacity 34171K, committed 34684K, reserved 1079296K
  class space    used 3810K, capacity 3891K, committed 3968K, reserved 1048576K
}
Event: 4.891 GC heap before
{Heap before GC invocations=6 (full 0):
 garbage-first heap   total 178176K, used 53726K [0x0000000705200000, 0x0000000800000000)
  region size 2048K, 12 young (24576K), 3 survivors (6144K)
 Metaspace       used 35376K, capacity 35617K, committed 36048K, reserved 1081344K
  class space    used 4161K, capacity 4244K, committed 4308K, reserved 1048576K
}
Event: 4.899 GC heap after
{Heap after GC invocations=7 (full 0):
 garbage-first heap   total 178176K, used 41835K [0x0000000705200000, 0x0000000800000000)
  region size 2048K, 3 young (6144K), 3 survivors (6144K)
 Metaspace       used 35376K, capacity 35617K, committed 36048K, reserved 1081344K
  class space    used 4161K, capacity 4244K, committed 4308K, reserved 1048576K
}
Event: 8.241 GC heap before
{Heap before GC invocations=8 (full 0):
 garbage-first heap   total 157696K, used 111467K [0x0000000705200000, 0x0000000800000000)
  region size 2048K, 37 young (75776K), 3 survivors (6144K)
 Metaspace       used 45662K, capacity 45970K, committed 46672K, reserved 1089536K
  class space    used 5821K, capacity 5923K, committed 5972K, reserved 1048576K
}
Event: 8.247 GC heap after
{Heap after GC invocations=9 (full 0):
 garbage-first heap   total 157696K, used 56319K [0x0000000705200000, 0x0000000800000000)
  region size 2048K, 5 young (10240K), 5 survivors (10240K)
 Metaspace       used 45662K, capacity 45970K, committed 46672K, reserved 1089536K
  class space    used 5821K, capacity 5923K, committed 5972K, reserved 1048576K
}
Event: 8.633 GC heap before
{Heap before GC invocations=9 (full 0):
 garbage-first heap   total 157696K, used 113663K [0x0000000705200000, 0x0000000800000000)
  region size 2048K, 29 young (59392K), 5 survivors (10240K)
 Metaspace       used 47089K, capacity 47475K, committed 48080K, reserved 1091584K
  class space    used 6183K, capacity 6275K, committed 6356K, reserved 1048576K
}
Event: 8.638 GC heap after
{Heap after GC invocations=10 (full 0):
 garbage-first heap   total 157696K, used 79649K [0x0000000705200000, 0x0000000800000000)
  region size 2048K, 4 young (8192K), 4 survivors (8192K)
 Metaspace       used 47089K, capacity 47475K, committed 48080K, reserved 1091584K
  class space    used 6183K, capacity 6275K, committed 6356K, reserved 1048576K
}
Event: 8.949 GC heap before
{Heap before GC invocations=10 (full 0):
 garbage-first heap   total 157696K, used 106273K [0x0000000705200000, 0x0000000800000000)
  region size 2048K, 19 young (38912K), 4 survivors (8192K)
 Metaspace       used 48454K, capacity 48819K, committed 49616K, reserved 1091584K
  class space    used 6411K, capacity 6531K, committed 6612K, reserved 1048576K
}
Event: 8.952 GC heap after
{Heap after GC invocations=11 (full 0):
 garbage-first heap   total 157696K, used 89825K [0x0000000705200000, 0x0000000800000000)
  region size 2048K, 3 young (6144K), 3 survivors (6144K)
 Metaspace       used 48454K, capacity 48819K, committed 49616K, reserved 1091584K
  class space    used 6411K, capacity 6531K, committed 6612K, reserved 1048576K
}

