# JRE version: OpenJDK Runtime Environment (15.0.2+10) (build 15.0.2+10)
# Java VM: OpenJDK 64-Bit Server VM (15.0.2+10, mixed mode, sharing, tiered, compressed oops, g1 gc, windows-amd64)
GC Precious Log:
 CPUs: 20 total, 20 available
 Memory: 16051M
 Large Page Support: Disabled
 NUMA Support: Disabled
 Compressed Oops: Enabled (Zero based)
 Heap Region Size: 2M
 Heap Min Capacity: 8M
 Heap Initial Capacity: 252M
 Heap Max Capacity: 4014M
 Pre-touch: Disabled
 Parallel Workers: 15
 Concurrent Workers: 4
 Concurrent Refinement Workers: 15
 Periodic GC: Disabled
Heap:
 garbage-first heap   total 178176K, used 109133K [0x0000000705200000, 0x0000000800000000)
  region size 2048K, 6 young (12288K), 2 survivors (4096K)
 Metaspace       used 50749K, capacity 51052K, committed 51664K, reserved 1093632K
  class space    used 6721K, capacity 6824K, committed 6864K, reserved 1048576K
GC Heap History (20 events):
Event: 2.096 GC heap before
{Heap before GC invocations=4 (full 0):
 garbage-first heap   total 110592K, used 89592K [0x0000000705200000, 0x0000000800000000)
  region size 2048K, 32 young (65536K), 2 survivors (4096K)
 Metaspace       used 31589K, capacity 31785K, committed 32380K, reserved 1077248K
  class space    used 3566K, capacity 3632K, committed 3708K, reserved 1048576K
}
Event: 2.100 GC heap after
{Heap after GC invocations=5 (full 0):
 garbage-first heap   total 110592K, used 36859K [0x0000000705200000, 0x0000000800000000)
  region size 2048K, 4 young (8192K), 4 survivors (8192K)
 Metaspace       used 31589K, capacity 31785K, committed 32380K, reserved 1077248K
  class space    used 3566K, capacity 3632K, committed 3708K, reserved 1048576K
}
Event: 4.252 GC heap before
{Heap before GC invocations=5 (full 0):
 garbage-first heap   total 110592K, used 65531K [0x0000000705200000, 0x0000000800000000)
  region size 2048K, 19 young (38912K), 4 survivors (8192K)
 Metaspace       used 34670K, capacity 34945K, committed 35452K, reserved 1081344K
  class space    used 3973K, capacity 4084K, committed 4220K, reserved 1048576K
}
Event: 4.258 GC heap after
{Heap after GC invocations=6 (full 0):
 garbage-first heap   total 110592K, used 42996K [0x0000000705200000, 0x0000000800000000)
  region size 2048K, 3 young (6144K), 3 survivors (6144K)
 Metaspace       used 34670K, capacity 34945K, committed 35452K, reserved 1081344K
  class space    used 3973K, capacity 4084K, committed 4220K, reserved 1048576K
}
Event: 4.474 GC heap before
{Heap before GC invocations=6 (full 0):
 garbage-first heap   total 110592K, used 49140K [0x0000000705200000, 0x0000000800000000)
  region size 2048K, 7 young (14336K), 3 survivors (6144K)
 Metaspace       used 35371K, capacity 35622K, committed 36048K, reserved 1081344K
  class space    used 4143K, capacity 4245K, committed 4304K, reserved 1048576K
}
Event: 4.478 GC heap after
{Heap after GC invocations=7 (full 0):
 garbage-first heap   total 110592K, used 45282K [0x0000000705200000, 0x0000000800000000)
  region size 2048K, 2 young (4096K), 2 survivors (4096K)
 Metaspace       used 35371K, capacity 35622K, committed 36048K, reserved 1081344K
  class space    used 4143K, capacity 4245K, committed 4304K, reserved 1048576K
}
Event: 5.703 GC heap before
{Heap before GC invocations=8 (full 0):
 garbage-first heap   total 110592K, used 69858K [0x0000000705200000, 0x0000000800000000)
  region size 2048K, 15 young (30720K), 2 survivors (4096K)
 Metaspace       used 38858K, capacity 39084K, committed 39760K, reserved 1083392K
  class space    used 4727K, capacity 4822K, committed 4944K, reserved 1048576K
}
Event: 5.706 GC heap after
{Heap after GC invocations=9 (full 0):
 garbage-first heap   total 110592K, used 50648K [0x0000000705200000, 0x0000000800000000)
  region size 2048K, 2 young (4096K), 2 survivors (4096K)
 Metaspace       used 38858K, capacity 39084K, committed 39760K, reserved 1083392K
  class space    used 4727K, capacity 4822K, committed 4944K, reserved 1048576K
}
Event: 7.314 GC heap before
{Heap before GC invocations=9 (full 0):
 garbage-first heap   total 110592K, used 77272K [0x0000000705200000, 0x0000000800000000)
  region size 2048K, 15 young (30720K), 2 survivors (4096K)
 Metaspace       used 42675K, capacity 43006K, committed 43856K, reserved 1087488K
  class space    used 5477K, capacity 5595K, committed 5712K, reserved 1048576K
}
Event: 7.318 GC heap after
{Heap after GC invocations=10 (full 0):
 garbage-first heap   total 110592K, used 55924K [0x0000000705200000, 0x0000000800000000)
  region size 2048K, 2 young (4096K), 2 survivors (4096K)
 Metaspace       used 42675K, capacity 43006K, committed 43856K, reserved 1087488K
  class space    used 5477K, capacity 5595K, committed 5712K, reserved 1048576K
}
Event: 7.813 GC heap before
{Heap before GC invocations=10 (full 0):
 garbage-first heap   total 110592K, used 78452K [0x0000000705200000, 0x0000000800000000)
  region size 2048K, 13 young (26624K), 2 survivors (4096K)
 Metaspace       used 46141K, capacity 46556K, committed 47312K, reserved 1091584K
  class space    used 5916K, capacity 6052K, committed 6096K, reserved 1048576K
}
Event: 7.817 GC heap after
{Heap after GC invocations=11 (full 0):
 garbage-first heap   total 110592K, used 62483K [0x0000000705200000, 0x0000000800000000)
  region size 2048K, 2 young (4096K), 2 survivors (4096K)
 Metaspace       used 46141K, capacity 46556K, committed 47312K, reserved 1091584K
  class space    used 5916K, capacity 6052K, committed 6096K, reserved 1048576K
}
Event: 7.977 GC heap before
{Heap before GC invocations=12 (full 0):
 garbage-first heap   total 110592K, used 78867K [0x0000000705200000, 0x0000000800000000)
  region size 2048K, 11 young (22528K), 2 survivors (4096K)
 Metaspace       used 46850K, capacity 47196K, committed 47824K, reserved 1091584K
  class space    used 6106K, capacity 6244K, committed 6352K, reserved 1048576K
}
Event: 7.980 GC heap after
{Heap after GC invocations=13 (full 0):
 garbage-first heap   total 110592K, used 69112K [0x0000000705200000, 0x0000000800000000)
  region size 2048K, 2 young (4096K), 2 survivors (4096K)
 Metaspace       used 46850K, capacity 47196K, committed 47824K, reserved 1091584K
  class space    used 6106K, capacity 6244K, committed 6352K, reserved 1048576K
}
Event: 8.057 GC heap before
{Heap before GC invocations=14 (full 0):
 garbage-first heap   total 143360K, used 93688K [0x0000000705200000, 0x0000000800000000)
  region size 2048K, 9 young (18432K), 2 survivors (4096K)
 Metaspace       used 47042K, capacity 47420K, committed 48080K, reserved 1091584K
  class space    used 6157K, capacity 6276K, committed 6352K, reserved 1048576K
}
Event: 8.059 GC heap after
{Heap after GC invocations=15 (full 0):
 garbage-first heap   total 143360K, used 81449K [0x0000000705200000, 0x0000000800000000)
  region size 2048K, 1 young (2048K), 1 survivors (2048K)
 Metaspace       used 47042K, capacity 47420K, committed 48080K, reserved 1091584K
  class space    used 6157K, capacity 6276K, committed 6352K, reserved 1048576K
}
Event: 8.250 GC heap before
{Heap before GC invocations=15 (full 0):
 garbage-first heap   total 143360K, used 108073K [0x0000000705200000, 0x0000000800000000)
  region size 2048K, 14 young (28672K), 1 survivors (2048K)
 Metaspace       used 47676K, capacity 48061K, committed 48848K, reserved 1091584K
  class space    used 6335K, capacity 6468K, committed 6608K, reserved 1048576K
}
Event: 8.252 GC heap after
{Heap after GC invocations=16 (full 0):
 garbage-first heap   total 143360K, used 89508K [0x0000000705200000, 0x0000000800000000)
  region size 2048K, 2 young (4096K), 2 survivors (4096K)
 Metaspace       used 47676K, capacity 48061K, committed 48848K, reserved 1091584K
  class space    used 6335K, capacity 6468K, committed 6608K, reserved 1048576K
}
Event: 8.505 GC heap before
{Heap before GC invocations=17 (full 0):
 garbage-first heap   total 153600K, used 103844K [0x0000000705200000, 0x0000000800000000)
  region size 2048K, 10 young (20480K), 2 survivors (4096K)
 Metaspace       used 48818K, capacity 49117K, committed 49872K, reserved 1093632K
  class space    used 6476K, capacity 6564K, committed 6608K, reserved 1048576K
}
Event: 8.507 GC heap after
{Heap after GC invocations=18 (full 0):
 garbage-first heap   total 153600K, used 94797K [0x0000000705200000, 0x0000000800000000)
  region size 2048K, 2 young (4096K), 2 survivors (4096K)
 Metaspace       used 48818K, capacity 49117K, committed 49872K, reserved 1093632K
  class space    used 6476K, capacity 6564K, committed 6608K, reserved 1048576K
}

