# JRE version: OpenJDK Runtime Environment (15.0.2+10) (build 15.0.2+10)
# Java VM: OpenJDK 64-Bit Server VM (15.0.2+10, mixed mode, sharing, tiered, compressed oops, g1 gc, windows-amd64)
GC Precious Log:
 CPUs: 20 total, 20 available
 Memory: 16051M
 Large Page Support: Disabled
 NUMA Support: Disabled
 Compressed Oops: Enabled (Zero based)
 Heap Region Size: 2M
 Heap Min Capacity: 8M
 Heap Initial Capacity: 252M
 Heap Max Capacity: 4014M
 Pre-touch: Disabled
 Parallel Workers: 15
 Concurrent Workers: 4
 Concurrent Refinement Workers: 15
 Periodic GC: Disabled
Heap:
 garbage-first heap   total 167936K, used 105650K [0x0000000705200000, 0x0000000800000000)
  region size 2048K, 8 young (16384K), 2 survivors (4096K)
 Metaspace       used 50264K, capacity 50613K, committed 51280K, reserved 1093632K
  class space    used 6560K, capacity 6663K, committed 6784K, reserved 1048576K
GC Heap History (20 events):
Event: 1.681 GC heap before
{Heap before GC invocations=2 (full 0):
 garbage-first heap   total 258048K, used 41470K [0x0000000705200000, 0x0000000800000000)
  region size 2048K, 14 young (28672K), 2 survivors (4096K)
 Metaspace       used 20735K, capacity 20986K, committed 21248K, reserved 1069056K
  class space    used 2247K, capacity 2299K, committed 2304K, reserved 1048576K
}
Event: 1.686 GC heap after
{Heap after GC invocations=3 (full 0):
 garbage-first heap   total 258048K, used 25656K [0x0000000705200000, 0x0000000800000000)
  region size 2048K, 2 young (4096K), 2 survivors (4096K)
 Metaspace       used 20735K, capacity 20986K, committed 21248K, reserved 1069056K
  class space    used 2247K, capacity 2299K, committed 2304K, reserved 1048576K
}
Event: 3.050 GC heap before
{Heap before GC invocations=4 (full 0):
 garbage-first heap   total 96256K, used 76856K [0x0000000705200000, 0x0000000800000000)
  region size 2048K, 28 young (57344K), 2 survivors (4096K)
 Metaspace       used 30509K, capacity 30758K, committed 31228K, reserved 1077248K
  class space    used 3406K, capacity 3498K, committed 3584K, reserved 1048576K
}
Event: 3.056 GC heap after
{Heap after GC invocations=5 (full 0):
 garbage-first heap   total 96256K, used 31209K [0x0000000705200000, 0x0000000800000000)
  region size 2048K, 4 young (8192K), 4 survivors (8192K)
 Metaspace       used 30509K, capacity 30758K, committed 31228K, reserved 1077248K
  class space    used 3406K, capacity 3498K, committed 3584K, reserved 1048576K
}
Event: 6.564 GC heap before
{Heap before GC invocations=5 (full 0):
 garbage-first heap   total 96256K, used 59881K [0x0000000705200000, 0x0000000800000000)
  region size 2048K, 18 young (36864K), 4 survivors (8192K)
 Metaspace       used 33770K, capacity 34062K, committed 34428K, reserved 1079296K
  class space    used 3804K, capacity 3891K, committed 3968K, reserved 1048576K
}
Event: 6.577 GC heap after
{Heap after GC invocations=6 (full 0):
 garbage-first heap   total 96256K, used 36652K [0x0000000705200000, 0x0000000800000000)
  region size 2048K, 3 young (6144K), 3 survivors (6144K)
 Metaspace       used 33770K, capacity 34062K, committed 34428K, reserved 1079296K
  class space    used 3804K, capacity 3891K, committed 3968K, reserved 1048576K
}
Event: 7.587 GC heap before
{Heap before GC invocations=6 (full 0):
 garbage-first heap   total 96256K, used 53036K [0x0000000705200000, 0x0000000800000000)
  region size 2048K, 12 young (24576K), 3 survivors (6144K)
 Metaspace       used 35458K, capacity 35668K, committed 36048K, reserved 1081344K
  class space    used 4187K, capacity 4276K, committed 4352K, reserved 1048576K
}
Event: 7.592 GC heap after
{Heap after GC invocations=7 (full 0):
 garbage-first heap   total 116736K, used 41212K [0x0000000705200000, 0x0000000800000000)
  region size 2048K, 2 young (4096K), 2 survivors (4096K)
 Metaspace       used 35458K, capacity 35668K, committed 36048K, reserved 1081344K
  class space    used 4187K, capacity 4276K, committed 4352K, reserved 1048576K
}
Event: 11.292 GC heap before
{Heap before GC invocations=8 (full 0):
 garbage-first heap   total 116736K, used 73980K [0x0000000705200000, 0x0000000800000000)
  region size 2048K, 19 young (38912K), 2 survivors (4096K)
 Metaspace       used 39672K, capacity 39925K, committed 40400K, reserved 1085440K
  class space    used 4964K, capacity 5045K, committed 5120K, reserved 1048576K
}
Event: 11.306 GC heap after
{Heap after GC invocations=9 (full 0):
 garbage-first heap   total 116736K, used 47413K [0x0000000705200000, 0x0000000800000000)
  region size 2048K, 3 young (6144K), 3 survivors (6144K)
 Metaspace       used 39672K, capacity 39925K, committed 40400K, reserved 1085440K
  class space    used 4964K, capacity 5045K, committed 5120K, reserved 1048576K
}
Event: 12.624 GC heap before
{Heap before GC invocations=9 (full 0):
 garbage-first heap   total 116736K, used 80181K [0x0000000705200000, 0x0000000800000000)
  region size 2048K, 19 young (38912K), 3 survivors (6144K)
 Metaspace       used 45123K, capacity 45413K, committed 46032K, reserved 1089536K
  class space    used 5737K, capacity 5827K, committed 5888K, reserved 1048576K
}
Event: 12.631 GC heap after
{Heap after GC invocations=10 (full 0):
 garbage-first heap   total 116736K, used 56484K [0x0000000705200000, 0x0000000800000000)
  region size 2048K, 3 young (6144K), 3 survivors (6144K)
 Metaspace       used 45123K, capacity 45413K, committed 46032K, reserved 1089536K
  class space    used 5737K, capacity 5827K, committed 5888K, reserved 1048576K
}
Event: 12.880 GC heap before
{Heap before GC invocations=10 (full 0):
 garbage-first heap   total 116736K, used 72868K [0x0000000705200000, 0x0000000800000000)
  region size 2048K, 12 young (24576K), 3 survivors (6144K)
 Metaspace       used 45799K, capacity 46117K, committed 46800K, reserved 1089536K
  class space    used 5921K, capacity 6019K, committed 6144K, reserved 1048576K
}
Event: 12.884 GC heap after
{Heap after GC invocations=11 (full 0):
 garbage-first heap   total 116736K, used 63078K [0x0000000705200000, 0x0000000800000000)
  region size 2048K, 2 young (4096K), 2 survivors (4096K)
 Metaspace       used 45799K, capacity 46117K, committed 46800K, reserved 1089536K
  class space    used 5921K, capacity 6019K, committed 6144K, reserved 1048576K
}
Event: 13.073 GC heap before
{Heap before GC invocations=12 (full 0):
 garbage-first heap   total 133120K, used 89702K [0x0000000705200000, 0x0000000800000000)
  region size 2048K, 11 young (22528K), 2 survivors (4096K)
 Metaspace       used 46173K, capacity 46470K, committed 47056K, reserved 1089536K
  class space    used 6009K, capacity 6115K, committed 6144K, reserved 1048576K
}
Event: 13.077 GC heap after
{Heap after GC invocations=13 (full 0):
 garbage-first heap   total 133120K, used 76528K [0x0000000705200000, 0x0000000800000000)
  region size 2048K, 2 young (4096K), 2 survivors (4096K)
 Metaspace       used 46173K, capacity 46470K, committed 47056K, reserved 1089536K
  class space    used 6009K, capacity 6115K, committed 6144K, reserved 1048576K
}
Event: 13.316 GC heap before
{Heap before GC invocations=13 (full 0):
 garbage-first heap   total 133120K, used 99056K [0x0000000705200000, 0x0000000800000000)
  region size 2048K, 13 young (26624K), 2 survivors (4096K)
 Metaspace       used 46642K, capacity 46918K, committed 47440K, reserved 1091584K
  class space    used 6151K, capacity 6243K, committed 6272K, reserved 1048576K
}
Event: 13.319 GC heap after
{Heap after GC invocations=14 (full 0):
 garbage-first heap   total 133120K, used 82702K [0x0000000705200000, 0x0000000800000000)
  region size 2048K, 2 young (4096K), 2 survivors (4096K)
 Metaspace       used 46642K, capacity 46918K, committed 47440K, reserved 1091584K
  class space    used 6151K, capacity 6243K, committed 6272K, reserved 1048576K
}
Event: 13.730 GC heap before
{Heap before GC invocations=15 (full 0):
 garbage-first heap   total 143360K, used 94990K [0x0000000705200000, 0x0000000800000000)
  region size 2048K, 9 young (18432K), 2 survivors (4096K)
 Metaspace       used 47734K, capacity 48038K, committed 48720K, reserved 1091584K
  class space    used 6279K, capacity 6403K, committed 6528K, reserved 1048576K
}
Event: 13.736 GC heap after
{Heap after GC invocations=16 (full 0):
 garbage-first heap   total 143360K, used 87218K [0x0000000705200000, 0x0000000800000000)
  region size 2048K, 2 young (4096K), 2 survivors (4096K)
 Metaspace       used 47734K, capacity 48038K, committed 48720K, reserved 1091584K
  class space    used 6279K, capacity 6403K, committed 6528K, reserved 1048576K
}

