# JRE version: OpenJDK Runtime Environment (15.0.2+10) (build 15.0.2+10)
# Java VM: OpenJDK 64-Bit Server VM (15.0.2+10, mixed mode, sharing, tiered, compressed oops, g1 gc, windows-amd64)
GC Precious Log:
 CPUs: 20 total, 20 available
 Memory: 16051M
 Large Page Support: Disabled
 NUMA Support: Disabled
 Compressed Oops: Enabled (Zero based)
 Heap Region Size: 2M
 Heap Min Capacity: 8M
 Heap Initial Capacity: 252M
 Heap Max Capacity: 4014M
 Pre-touch: Disabled
 Parallel Workers: 15
 Concurrent Workers: 4
 Concurrent Refinement Workers: 15
 Periodic GC: Disabled
Heap:
 garbage-first heap   total 327680K, used 225376K [0x0000000705200000, 0x0000000800000000)
  region size 2048K, 25 young (51200K), 4 survivors (8192K)
 Metaspace       used 78756K, capacity 79398K, committed 79872K, reserved 1120256K
  class space    used 9744K, capacity 9936K, committed 9984K, reserved 1048576K
GC Heap History (20 events):
Event: 2263.753 GC heap before
{Heap before GC invocations=87 (full 0):
 garbage-first heap   total 327680K, used 286977K [0x0000000705200000, 0x0000000800000000)
  region size 2048K, 54 young (110592K), 3 survivors (6144K)
 Metaspace       used 74732K, capacity 75304K, committed 75648K, reserved 1116160K
  class space    used 9400K, capacity 9598K, committed 9600K, reserved 1048576K
}
Event: 2263.762 GC heap after
{Heap after GC invocations=88 (full 0):
 garbage-first heap   total 327680K, used 182416K [0x0000000705200000, 0x0000000800000000)
  region size 2048K, 3 young (6144K), 3 survivors (6144K)
 Metaspace       used 74732K, capacity 75304K, committed 75648K, reserved 1116160K
  class space    used 9400K, capacity 9598K, committed 9600K, reserved 1048576K
}
Event: 2375.401 GC heap before
{Heap before GC invocations=89 (full 0):
 garbage-first heap   total 327680K, used 286864K [0x0000000705200000, 0x0000000800000000)
  region size 2048K, 54 young (110592K), 3 survivors (6144K)
 Metaspace       used 74732K, capacity 75304K, committed 75648K, reserved 1116160K
  class space    used 9400K, capacity 9598K, committed 9600K, reserved 1048576K
}
Event: 2375.404 GC heap after
{Heap after GC invocations=90 (full 0):
 garbage-first heap   total 327680K, used 182641K [0x0000000705200000, 0x0000000800000000)
  region size 2048K, 3 young (6144K), 3 survivors (6144K)
 Metaspace       used 74732K, capacity 75304K, committed 75648K, reserved 1116160K
  class space    used 9400K, capacity 9598K, committed 9600K, reserved 1048576K
}
Event: 2488.073 GC heap before
{Heap before GC invocations=90 (full 0):
 garbage-first heap   total 327680K, used 287089K [0x0000000705200000, 0x0000000800000000)
  region size 2048K, 54 young (110592K), 3 survivors (6144K)
 Metaspace       used 74737K, capacity 75304K, committed 75648K, reserved 1116160K
  class space    used 9400K, capacity 9598K, committed 9600K, reserved 1048576K
}
Event: 2488.076 GC heap after
{Heap after GC invocations=91 (full 0):
 garbage-first heap   total 327680K, used 182528K [0x0000000705200000, 0x0000000800000000)
  region size 2048K, 3 young (6144K), 3 survivors (6144K)
 Metaspace       used 74737K, capacity 75304K, committed 75648K, reserved 1116160K
  class space    used 9400K, capacity 9598K, committed 9600K, reserved 1048576K
}
Event: 2600.256 GC heap before
{Heap before GC invocations=92 (full 0):
 garbage-first heap   total 327680K, used 286976K [0x0000000705200000, 0x0000000800000000)
  region size 2048K, 54 young (110592K), 3 survivors (6144K)
 Metaspace       used 74737K, capacity 75304K, committed 75648K, reserved 1116160K
  class space    used 9400K, capacity 9598K, committed 9600K, reserved 1048576K
}
Event: 2600.260 GC heap after
{Heap after GC invocations=93 (full 0):
 garbage-first heap   total 327680K, used 182640K [0x0000000705200000, 0x0000000800000000)
  region size 2048K, 3 young (6144K), 3 survivors (6144K)
 Metaspace       used 74737K, capacity 75304K, committed 75648K, reserved 1116160K
  class space    used 9400K, capacity 9598K, committed 9600K, reserved 1048576K
}
Event: 2713.097 GC heap before
{Heap before GC invocations=93 (full 0):
 garbage-first heap   total 327680K, used 287088K [0x0000000705200000, 0x0000000800000000)
  region size 2048K, 54 young (110592K), 3 survivors (6144K)
 Metaspace       used 74737K, capacity 75304K, committed 75648K, reserved 1116160K
  class space    used 9400K, capacity 9598K, committed 9600K, reserved 1048576K
}
Event: 2713.105 GC heap after
{Heap after GC invocations=94 (full 0):
 garbage-first heap   total 327680K, used 182415K [0x0000000705200000, 0x0000000800000000)
  region size 2048K, 3 young (6144K), 3 survivors (6144K)
 Metaspace       used 74737K, capacity 75304K, committed 75648K, reserved 1116160K
  class space    used 9400K, capacity 9598K, committed 9600K, reserved 1048576K
}
Event: 2824.761 GC heap before
{Heap before GC invocations=95 (full 0):
 garbage-first heap   total 327680K, used 286863K [0x0000000705200000, 0x0000000800000000)
  region size 2048K, 54 young (110592K), 3 survivors (6144K)
 Metaspace       used 74737K, capacity 75304K, committed 75648K, reserved 1116160K
  class space    used 9400K, capacity 9598K, committed 9600K, reserved 1048576K
}
Event: 2824.767 GC heap after
{Heap after GC invocations=96 (full 0):
 garbage-first heap   total 327680K, used 182527K [0x0000000705200000, 0x0000000800000000)
  region size 2048K, 3 young (6144K), 3 survivors (6144K)
 Metaspace       used 74737K, capacity 75304K, committed 75648K, reserved 1116160K
  class space    used 9400K, capacity 9598K, committed 9600K, reserved 1048576K
}
Event: 2918.863 GC heap before
{Heap before GC invocations=96 (full 0):
 garbage-first heap   total 327680K, used 286975K [0x0000000705200000, 0x0000000800000000)
  region size 2048K, 54 young (110592K), 3 survivors (6144K)
 Metaspace       used 74741K, capacity 75304K, committed 75648K, reserved 1116160K
  class space    used 9400K, capacity 9598K, committed 9600K, reserved 1048576K
}
Event: 2918.867 GC heap after
{Heap after GC invocations=97 (full 0):
 garbage-first heap   total 327680K, used 182415K [0x0000000705200000, 0x0000000800000000)
  region size 2048K, 3 young (6144K), 3 survivors (6144K)
 Metaspace       used 74741K, capacity 75304K, committed 75648K, reserved 1116160K
  class space    used 9400K, capacity 9598K, committed 9600K, reserved 1048576K
}
Event: 2920.692 GC heap before
{Heap before GC invocations=98 (full 0):
 garbage-first heap   total 327680K, used 194703K [0x0000000705200000, 0x0000000800000000)
  region size 2048K, 10 young (20480K), 3 survivors (6144K)
 Metaspace       used 77133K, capacity 77722K, committed 78208K, reserved 1118208K
  class space    used 9636K, capacity 9826K, committed 9856K, reserved 1048576K
}
Event: 2920.696 GC heap after
{Heap after GC invocations=99 (full 0):
 garbage-first heap   total 327680K, used 185210K [0x0000000705200000, 0x0000000800000000)
  region size 2048K, 4 young (8192K), 4 survivors (8192K)
 Metaspace       used 77133K, capacity 77722K, committed 78208K, reserved 1118208K
  class space    used 9636K, capacity 9826K, committed 9856K, reserved 1048576K
}
Event: 3010.506 GC heap before
{Heap before GC invocations=100 (full 0):
 garbage-first heap   total 327680K, used 287610K [0x0000000705200000, 0x0000000800000000)
  region size 2048K, 53 young (108544K), 4 survivors (8192K)
 Metaspace       used 78756K, capacity 79398K, committed 79872K, reserved 1120256K
  class space    used 9744K, capacity 9936K, committed 9984K, reserved 1048576K
}
Event: 3010.514 GC heap after
{Heap after GC invocations=101 (full 0):
 garbage-first heap   total 327680K, used 184631K [0x0000000705200000, 0x0000000800000000)
  region size 2048K, 4 young (8192K), 4 survivors (8192K)
 Metaspace       used 78756K, capacity 79398K, committed 79872K, reserved 1120256K
  class space    used 9744K, capacity 9936K, committed 9984K, reserved 1048576K
}
Event: 3117.976 GC heap before
{Heap before GC invocations=101 (full 0):
 garbage-first heap   total 327680K, used 284983K [0x0000000705200000, 0x0000000800000000)
  region size 2048K, 53 young (108544K), 4 survivors (8192K)
 Metaspace       used 78756K, capacity 79398K, committed 79872K, reserved 1120256K
  class space    used 9744K, capacity 9936K, committed 9984K, reserved 1048576K
}
Event: 3117.983 GC heap after
{Heap after GC invocations=102 (full 0):
 garbage-first heap   total 327680K, used 184416K [0x0000000705200000, 0x0000000800000000)
  region size 2048K, 4 young (8192K), 4 survivors (8192K)
 Metaspace       used 78756K, capacity 79398K, committed 79872K, reserved 1120256K
  class space    used 9744K, capacity 9936K, committed 9984K, reserved 1048576K
}

