# JRE version: OpenJDK Runtime Environment (15.0.2+10) (build 15.0.2+10)
# Java VM: OpenJDK 64-Bit Server VM (15.0.2+10, mixed mode, sharing, tiered, compressed oops, g1 gc, windows-amd64)
GC Precious Log:
 CPUs: 20 total, 20 available
 Memory: 16051M
 Large Page Support: Disabled
 NUMA Support: Disabled
 Compressed Oops: Enabled (Zero based)
 Heap Region Size: 2M
 Heap Min Capacity: 8M
 Heap Initial Capacity: 252M
 Heap Max Capacity: 4014M
 Pre-touch: Disabled
 Parallel Workers: 15
 Concurrent Workers: 4
 Concurrent Refinement Workers: 15
 Periodic GC: Disabled
Heap:
 garbage-first heap   total 167936K, used 107419K [0x0000000705200000, 0x0000000800000000)
  region size 2048K, 8 young (16384K), 2 survivors (4096K)
 Metaspace       used 50704K, capacity 51068K, committed 51664K, reserved 1093632K
  class space    used 6682K, capacity 6790K, committed 6868K, reserved 1048576K
GC Heap History (20 events):
Event: 4.995 GC heap before
{Heap before GC invocations=5 (full 0):
 garbage-first heap   total 96256K, used 59761K [0x0000000705200000, 0x0000000800000000)
  region size 2048K, 18 young (36864K), 4 survivors (8192K)
 Metaspace       used 33911K, capacity 34171K, committed 34684K, reserved 1079296K
  class space    used 3805K, capacity 3891K, committed 3968K, reserved 1048576K
}
Event: 5.000 GC heap after
{Heap after GC invocations=6 (full 0):
 garbage-first heap   total 96256K, used 36844K [0x0000000705200000, 0x0000000800000000)
  region size 2048K, 3 young (6144K), 3 survivors (6144K)
 Metaspace       used 33911K, capacity 34171K, committed 34684K, reserved 1079296K
  class space    used 3805K, capacity 3891K, committed 3968K, reserved 1048576K
}
Event: 6.044 GC heap before
{Heap before GC invocations=6 (full 0):
 garbage-first heap   total 96256K, used 53228K [0x0000000705200000, 0x0000000800000000)
  region size 2048K, 12 young (24576K), 3 survivors (6144K)
 Metaspace       used 35379K, capacity 35617K, committed 36048K, reserved 1081344K
  class space    used 4165K, capacity 4244K, committed 4308K, reserved 1048576K
}
Event: 6.049 GC heap after
{Heap after GC invocations=7 (full 0):
 garbage-first heap   total 96256K, used 40942K [0x0000000705200000, 0x0000000800000000)
  region size 2048K, 2 young (4096K), 2 survivors (4096K)
 Metaspace       used 35379K, capacity 35617K, committed 36048K, reserved 1081344K
  class space    used 4165K, capacity 4244K, committed 4308K, reserved 1048576K
}
Event: 7.662 GC heap before
{Heap before GC invocations=8 (full 0):
 garbage-first heap   total 96256K, used 63470K [0x0000000705200000, 0x0000000800000000)
  region size 2048K, 13 young (26624K), 2 survivors (4096K)
 Metaspace       used 38390K, capacity 38657K, committed 39376K, reserved 1083392K
  class space    used 4638K, capacity 4725K, committed 4820K, reserved 1048576K
}
Event: 7.666 GC heap after
{Heap after GC invocations=9 (full 0):
 garbage-first heap   total 96256K, used 45715K [0x0000000705200000, 0x0000000800000000)
  region size 2048K, 2 young (4096K), 2 survivors (4096K)
 Metaspace       used 38390K, capacity 38657K, committed 39376K, reserved 1083392K
  class space    used 4638K, capacity 4725K, committed 4820K, reserved 1048576K
}
Event: 9.715 GC heap before
{Heap before GC invocations=9 (full 0):
 garbage-first heap   total 96256K, used 66195K [0x0000000705200000, 0x0000000800000000)
  region size 2048K, 12 young (24576K), 2 survivors (4096K)
 Metaspace       used 40477K, capacity 40802K, committed 41424K, reserved 1085440K
  class space    used 5114K, capacity 5205K, committed 5332K, reserved 1048576K
}
Event: 9.720 GC heap after
{Heap after GC invocations=10 (full 0):
 garbage-first heap   total 96256K, used 50130K [0x0000000705200000, 0x0000000800000000)
  region size 2048K, 2 young (4096K), 2 survivors (4096K)
 Metaspace       used 40477K, capacity 40802K, committed 41424K, reserved 1085440K
  class space    used 5114K, capacity 5205K, committed 5332K, reserved 1048576K
}
Event: 11.683 GC heap before
{Heap before GC invocations=10 (full 0):
 garbage-first heap   total 96256K, used 68562K [0x0000000705200000, 0x0000000800000000)
  region size 2048K, 11 young (22528K), 2 survivors (4096K)
 Metaspace       used 45359K, capacity 45682K, committed 46416K, reserved 1089536K
  class space    used 5767K, capacity 5891K, committed 5972K, reserved 1048576K
}
Event: 11.687 GC heap after
{Heap after GC invocations=11 (full 0):
 garbage-first heap   total 96256K, used 54532K [0x0000000705200000, 0x0000000800000000)
  region size 2048K, 2 young (4096K), 2 survivors (4096K)
 Metaspace       used 45359K, capacity 45682K, committed 46416K, reserved 1089536K
  class space    used 5767K, capacity 5891K, committed 5972K, reserved 1048576K
}
Event: 11.977 GC heap before
{Heap before GC invocations=12 (full 0):
 garbage-first heap   total 100352K, used 68868K [0x0000000705200000, 0x0000000800000000)
  region size 2048K, 10 young (20480K), 2 survivors (4096K)
 Metaspace       used 46047K, capacity 46386K, committed 47056K, reserved 1089536K
  class space    used 5910K, capacity 6019K, committed 6100K, reserved 1048576K
}
Event: 11.980 GC heap after
{Heap after GC invocations=13 (full 0):
 garbage-first heap   total 100352K, used 59466K [0x0000000705200000, 0x0000000800000000)
  region size 2048K, 2 young (4096K), 2 survivors (4096K)
 Metaspace       used 46047K, capacity 46386K, committed 47056K, reserved 1089536K
  class space    used 5910K, capacity 6019K, committed 6100K, reserved 1048576K
}
Event: 12.185 GC heap before
{Heap before GC invocations=13 (full 0):
 garbage-first heap   total 100352K, used 69706K [0x0000000705200000, 0x0000000800000000)
  region size 2048K, 9 young (18432K), 2 survivors (4096K)
 Metaspace       used 46532K, capacity 46834K, committed 47440K, reserved 1091584K
  class space    used 6042K, capacity 6147K, committed 6228K, reserved 1048576K
}
Event: 12.188 GC heap after
{Heap after GC invocations=14 (full 0):
 garbage-first heap   total 100352K, used 64228K [0x0000000705200000, 0x0000000800000000)
  region size 2048K, 2 young (4096K), 2 survivors (4096K)
 Metaspace       used 46532K, capacity 46834K, committed 47440K, reserved 1091584K
  class space    used 6042K, capacity 6147K, committed 6228K, reserved 1048576K
}
Event: 12.255 GC heap before
{Heap before GC invocations=15 (full 0):
 garbage-first heap   total 137216K, used 84708K [0x0000000705200000, 0x0000000800000000)
  region size 2048K, 8 young (16384K), 2 survivors (4096K)
 Metaspace       used 46650K, capacity 46994K, committed 47696K, reserved 1091584K
  class space    used 6078K, capacity 6179K, committed 6228K, reserved 1048576K
}
Event: 12.258 GC heap after
{Heap after GC invocations=16 (full 0):
 garbage-first heap   total 137216K, used 75530K [0x0000000705200000, 0x0000000800000000)
  region size 2048K, 1 young (2048K), 1 survivors (2048K)
 Metaspace       used 46650K, capacity 46994K, committed 47696K, reserved 1091584K
  class space    used 6078K, capacity 6179K, committed 6228K, reserved 1048576K
}
Event: 12.515 GC heap before
{Heap before GC invocations=16 (full 0):
 garbage-first heap   total 137216K, used 102154K [0x0000000705200000, 0x0000000800000000)
  region size 2048K, 14 young (28672K), 1 survivors (2048K)
 Metaspace       used 47321K, capacity 47699K, committed 48464K, reserved 1091584K
  class space    used 6262K, capacity 6371K, committed 6484K, reserved 1048576K
}
Event: 12.517 GC heap after
{Heap after GC invocations=17 (full 0):
 garbage-first heap   total 137216K, used 83325K [0x0000000705200000, 0x0000000800000000)
  region size 2048K, 2 young (4096K), 2 survivors (4096K)
 Metaspace       used 47321K, capacity 47699K, committed 48464K, reserved 1091584K
  class space    used 6262K, capacity 6371K, committed 6484K, reserved 1048576K
}
Event: 12.832 GC heap before
{Heap before GC invocations=18 (full 0):
 garbage-first heap   total 147456K, used 97661K [0x0000000705200000, 0x0000000800000000)
  region size 2048K, 11 young (22528K), 2 survivors (4096K)
 Metaspace       used 48445K, capacity 48819K, committed 49360K, reserved 1091584K
  class space    used 6406K, capacity 6531K, committed 6612K, reserved 1048576K
}
Event: 12.835 GC heap after
{Heap after GC invocations=19 (full 0):
 garbage-first heap   total 147456K, used 88987K [0x0000000705200000, 0x0000000800000000)
  region size 2048K, 2 young (4096K), 2 survivors (4096K)
 Metaspace       used 48445K, capacity 48819K, committed 49360K, reserved 1091584K
  class space    used 6406K, capacity 6531K, committed 6612K, reserved 1048576K
}

