# JRE version: OpenJDK Runtime Environment (15.0.2+10) (build 15.0.2+10)
# Java VM: OpenJDK 64-Bit Server VM (15.0.2+10, mixed mode, sharing, tiered, compressed oops, g1 gc, windows-amd64)
GC Precious Log:
 CPUs: 20 total, 20 available
 Memory: 16051M
 Large Page Support: Disabled
 NUMA Support: Disabled
 Compressed Oops: Enabled (Zero based)
 Heap Region Size: 2M
 Heap Min Capacity: 8M
 Heap Initial Capacity: 252M
 Heap Max Capacity: 4014M
 Pre-touch: Disabled
 Parallel Workers: 15
 Concurrent Workers: 4
 Concurrent Refinement Workers: 15
 Periodic GC: Disabled
Heap:
 garbage-first heap   total 167936K, used 101043K [0x0000000705200000, 0x0000000800000000)
  region size 2048K, 5 young (10240K), 2 survivors (4096K)
 Metaspace       used 49806K, capacity 50159K, committed 50560K, reserved 1093632K
  class space    used 6542K, capacity 6662K, committed 6784K, reserved 1048576K
GC Heap History (20 events):
Event: 0.949 GC heap before
{Heap before GC invocations=2 (full 0):
 garbage-first heap   total 258048K, used 40000K [0x0000000705200000, 0x0000000800000000)
  region size 2048K, 13 young (26624K), 2 survivors (4096K)
 Metaspace       used 20657K, capacity 20858K, committed 21248K, reserved 1069056K
  class space    used 2247K, capacity 2299K, committed 2304K, reserved 1048576K
}
Event: 0.952 GC heap after
{Heap after GC invocations=3 (full 0):
 garbage-first heap   total 258048K, used 25858K [0x0000000705200000, 0x0000000800000000)
  region size 2048K, 2 young (4096K), 2 survivors (4096K)
 Metaspace       used 20657K, capacity 20858K, committed 21248K, reserved 1069056K
  class space    used 2247K, capacity 2299K, committed 2304K, reserved 1048576K
}
Event: 1.766 GC heap before
{Heap before GC invocations=4 (full 0):
 garbage-first heap   total 96256K, used 77058K [0x0000000705200000, 0x0000000800000000)
  region size 2048K, 28 young (57344K), 2 survivors (4096K)
 Metaspace       used 30653K, capacity 30925K, committed 31232K, reserved 1077248K
  class space    used 3430K, capacity 3532K, committed 3584K, reserved 1048576K
}
Event: 1.770 GC heap after
{Heap after GC invocations=5 (full 0):
 garbage-first heap   total 96256K, used 31947K [0x0000000705200000, 0x0000000800000000)
  region size 2048K, 4 young (8192K), 4 survivors (8192K)
 Metaspace       used 30653K, capacity 30925K, committed 31232K, reserved 1077248K
  class space    used 3430K, capacity 3532K, committed 3584K, reserved 1048576K
}
Event: 3.507 GC heap before
{Heap before GC invocations=5 (full 0):
 garbage-first heap   total 96256K, used 60619K [0x0000000705200000, 0x0000000800000000)
  region size 2048K, 18 young (36864K), 4 survivors (8192K)
 Metaspace       used 33783K, capacity 33999K, committed 34432K, reserved 1079296K
  class space    used 3814K, capacity 3891K, committed 3968K, reserved 1048576K
}
Event: 3.513 GC heap after
{Heap after GC invocations=6 (full 0):
 garbage-first heap   total 96256K, used 37914K [0x0000000705200000, 0x0000000800000000)
  region size 2048K, 3 young (6144K), 3 survivors (6144K)
 Metaspace       used 33783K, capacity 33999K, committed 34432K, reserved 1079296K
  class space    used 3814K, capacity 3891K, committed 3968K, reserved 1048576K
}
Event: 3.993 GC heap before
{Heap before GC invocations=6 (full 0):
 garbage-first heap   total 96256K, used 50202K [0x0000000705200000, 0x0000000800000000)
  region size 2048K, 10 young (20480K), 3 survivors (6144K)
 Metaspace       used 35097K, capacity 35348K, committed 35628K, reserved 1081344K
  class space    used 4142K, capacity 4212K, committed 4224K, reserved 1048576K
}
Event: 3.997 GC heap after
{Heap after GC invocations=7 (full 0):
 garbage-first heap   total 116736K, used 41626K [0x0000000705200000, 0x0000000800000000)
  region size 2048K, 2 young (4096K), 2 survivors (4096K)
 Metaspace       used 35097K, capacity 35348K, committed 35628K, reserved 1081344K
  class space    used 4142K, capacity 4212K, committed 4224K, reserved 1048576K
}
Event: 6.021 GC heap before
{Heap before GC invocations=8 (full 0):
 garbage-first heap   total 116736K, used 76442K [0x0000000705200000, 0x0000000800000000)
  region size 2048K, 20 young (40960K), 2 survivors (4096K)
 Metaspace       used 39605K, capacity 39861K, committed 40448K, reserved 1085440K
  class space    used 4975K, capacity 5045K, committed 5120K, reserved 1048576K
}
Event: 6.029 GC heap after
{Heap after GC invocations=9 (full 0):
 garbage-first heap   total 116736K, used 47923K [0x0000000705200000, 0x0000000800000000)
  region size 2048K, 3 young (6144K), 3 survivors (6144K)
 Metaspace       used 39605K, capacity 39861K, committed 40448K, reserved 1085440K
  class space    used 4975K, capacity 5045K, committed 5120K, reserved 1048576K
}
Event: 6.735 GC heap before
{Heap before GC invocations=9 (full 0):
 garbage-first heap   total 116736K, used 80691K [0x0000000705200000, 0x0000000800000000)
  region size 2048K, 19 young (38912K), 3 survivors (6144K)
 Metaspace       used 45087K, capacity 45445K, committed 45824K, reserved 1089536K
  class space    used 5740K, capacity 5859K, committed 5888K, reserved 1048576K
}
Event: 6.740 GC heap after
{Heap after GC invocations=10 (full 0):
 garbage-first heap   total 116736K, used 56889K [0x0000000705200000, 0x0000000800000000)
  region size 2048K, 3 young (6144K), 3 survivors (6144K)
 Metaspace       used 45087K, capacity 45445K, committed 45824K, reserved 1089536K
  class space    used 5740K, capacity 5859K, committed 5888K, reserved 1048576K
}
Event: 6.886 GC heap before
{Heap before GC invocations=10 (full 0):
 garbage-first heap   total 116736K, used 73273K [0x0000000705200000, 0x0000000800000000)
  region size 2048K, 12 young (24576K), 3 survivors (6144K)
 Metaspace       used 45749K, capacity 46117K, committed 46592K, reserved 1089536K
  class space    used 5918K, capacity 6019K, committed 6144K, reserved 1048576K
}
Event: 6.889 GC heap after
{Heap after GC invocations=11 (full 0):
 garbage-first heap   total 116736K, used 63805K [0x0000000705200000, 0x0000000800000000)
  region size 2048K, 2 young (4096K), 2 survivors (4096K)
 Metaspace       used 45749K, capacity 46117K, committed 46592K, reserved 1089536K
  class space    used 5918K, capacity 6019K, committed 6144K, reserved 1048576K
}
Event: 7.006 GC heap before
{Heap before GC invocations=12 (full 0):
 garbage-first heap   total 137216K, used 94525K [0x0000000705200000, 0x0000000800000000)
  region size 2048K, 12 young (24576K), 2 survivors (4096K)
 Metaspace       used 46172K, capacity 46534K, committed 46848K, reserved 1089536K
  class space    used 6017K, capacity 6115K, committed 6144K, reserved 1048576K
}
Event: 7.008 GC heap after
{Heap after GC invocations=13 (full 0):
 garbage-first heap   total 137216K, used 78027K [0x0000000705200000, 0x0000000800000000)
  region size 2048K, 2 young (4096K), 2 survivors (4096K)
 Metaspace       used 46172K, capacity 46534K, committed 46848K, reserved 1089536K
  class space    used 6017K, capacity 6115K, committed 6144K, reserved 1048576K
}
Event: 7.154 GC heap before
{Heap before GC invocations=13 (full 0):
 garbage-first heap   total 137216K, used 102603K [0x0000000705200000, 0x0000000800000000)
  region size 2048K, 14 young (28672K), 2 survivors (4096K)
 Metaspace       used 46647K, capacity 47014K, committed 47616K, reserved 1091584K
  class space    used 6170K, capacity 6275K, committed 6400K, reserved 1048576K
}
Event: 7.156 GC heap after
{Heap after GC invocations=14 (full 0):
 garbage-first heap   total 137216K, used 84989K [0x0000000705200000, 0x0000000800000000)
  region size 2048K, 2 young (4096K), 2 survivors (4096K)
 Metaspace       used 46647K, capacity 47014K, committed 47616K, reserved 1091584K
  class space    used 6170K, capacity 6275K, committed 6400K, reserved 1048576K
}
Event: 7.363 GC heap before
{Heap before GC invocations=15 (full 0):
 garbage-first heap   total 147456K, used 91133K [0x0000000705200000, 0x0000000800000000)
  region size 2048K, 7 young (14336K), 2 survivors (4096K)
 Metaspace       used 47640K, capacity 48038K, committed 48512K, reserved 1091584K
  class space    used 6269K, capacity 6403K, committed 6528K, reserved 1048576K
}
Event: 7.365 GC heap after
{Heap after GC invocations=16 (full 0):
 garbage-first heap   total 147456K, used 88755K [0x0000000705200000, 0x0000000800000000)
  region size 2048K, 2 young (4096K), 2 survivors (4096K)
 Metaspace       used 47640K, capacity 48038K, committed 48512K, reserved 1091584K
  class space    used 6269K, capacity 6403K, committed 6528K, reserved 1048576K
}

