# JRE version: OpenJDK Runtime Environment (15.0.2+10) (build 15.0.2+10)
# Java VM: OpenJDK 64-Bit Server VM (15.0.2+10, mixed mode, sharing, tiered, compressed oops, g1 gc, windows-amd64)
GC Precious Log:
 CPUs: 20 total, 20 available
 Memory: 32435M
 Large Page Support: Disabled
 NUMA Support: Disabled
 Compressed Oops: Enabled (Zero based)
 Heap Region Size: 4M
 Heap Min Capacity: 8M
 Heap Initial Capacity: 508M
 Heap Max Capacity: 8112M
 Pre-touch: Disabled
 Parallel Workers: 15
 Concurrent Workers: 4
 Concurrent Refinement Workers: 15
 Periodic GC: Disabled
Heap:
 garbage-first heap   total 471040K, used 250381K [0x0000000605000000, 0x0000000800000000)
  region size 4096K, 3 young (12288K), 1 survivors (4096K)
 Metaspace       used 47869K, capacity 48195K, committed 48816K, reserved 1091584K
  class space    used 6530K, capacity 6644K, committed 6656K, reserved 1048576K
GC Heap History (20 events):
Event: 14.280 GC heap before
{Heap before GC invocations=10 (full 0):
 garbage-first heap   total 122880K, used 80764K [0x0000000605000000, 0x0000000800000000)
  region size 4096K, 8 young (32768K), 1 survivors (4096K)
 Metaspace       used 42388K, capacity 42661K, committed 43312K, reserved 1087488K
  class space    used 5606K, capacity 5721K, committed 5760K, reserved 1048576K
}
Event: 14.284 GC heap after
{Heap after GC invocations=11 (full 0):
 garbage-first heap   total 122880K, used 62997K [0x0000000605000000, 0x0000000800000000)
  region size 4096K, 1 young (4096K), 1 survivors (4096K)
 Metaspace       used 42388K, capacity 42661K, committed 43312K, reserved 1087488K
  class space    used 5606K, capacity 5721K, committed 5760K, reserved 1048576K
}
Event: 14.631 GC heap before
{Heap before GC invocations=12 (full 0):
 garbage-first heap   total 122880K, used 79381K [0x0000000605000000, 0x0000000800000000)
  region size 4096K, 6 young (24576K), 1 survivors (4096K)
 Metaspace       used 43146K, capacity 43461K, committed 44080K, reserved 1087488K
  class space    used 5813K, capacity 5945K, committed 6016K, reserved 1048576K
}
Event: 14.633 GC heap after
{Heap after GC invocations=13 (full 0):
 garbage-first heap   total 122880K, used 70184K [0x0000000605000000, 0x0000000800000000)
  region size 4096K, 1 young (4096K), 1 survivors (4096K)
 Metaspace       used 43146K, capacity 43461K, committed 44080K, reserved 1087488K
  class space    used 5813K, capacity 5945K, committed 6016K, reserved 1048576K
}
Event: 14.643 GC heap before
{Heap before GC invocations=13 (full 0):
 garbage-first heap   total 122880K, used 70184K [0x0000000605000000, 0x0000000800000000)
  region size 4096K, 2 young (8192K), 1 survivors (4096K)
 Metaspace       used 43179K, capacity 43461K, committed 44080K, reserved 1087488K
  class space    used 5818K, capacity 5945K, committed 6016K, reserved 1048576K
}
Event: 14.645 GC heap after
{Heap after GC invocations=14 (full 0):
 garbage-first heap   total 122880K, used 71147K [0x0000000605000000, 0x0000000800000000)
  region size 4096K, 1 young (4096K), 1 survivors (4096K)
 Metaspace       used 43179K, capacity 43461K, committed 44080K, reserved 1087488K
  class space    used 5818K, capacity 5945K, committed 6016K, reserved 1048576K
}
Event: 14.766 GC heap before
{Heap before GC invocations=15 (full 0):
 garbage-first heap   total 172032K, used 95723K [0x0000000605000000, 0x0000000800000000)
  region size 4096K, 5 young (20480K), 1 survivors (4096K)
 Metaspace       used 43450K, capacity 43781K, committed 44336K, reserved 1087488K
  class space    used 5884K, capacity 6009K, committed 6016K, reserved 1048576K
}
Event: 14.768 GC heap after
{Heap after GC invocations=16 (full 0):
 garbage-first heap   total 172032K, used 84950K [0x0000000605000000, 0x0000000800000000)
  region size 4096K, 1 young (4096K), 1 survivors (4096K)
 Metaspace       used 43450K, capacity 43781K, committed 44336K, reserved 1087488K
  class space    used 5884K, capacity 6009K, committed 6016K, reserved 1048576K
}
Event: 15.088 GC heap before
{Heap before GC invocations=16 (full 0):
 garbage-first heap   total 172032K, used 121814K [0x0000000605000000, 0x0000000800000000)
  region size 4096K, 10 young (40960K), 1 survivors (4096K)
 Metaspace       used 44216K, capacity 44518K, committed 45104K, reserved 1087488K
  class space    used 6121K, capacity 6233K, committed 6272K, reserved 1048576K
}
Event: 15.091 GC heap after
{Heap after GC invocations=17 (full 0):
 garbage-first heap   total 172032K, used 95539K [0x0000000605000000, 0x0000000800000000)
  region size 4096K, 2 young (8192K), 2 survivors (8192K)
 Metaspace       used 44216K, capacity 44518K, committed 45104K, reserved 1087488K
  class space    used 6121K, capacity 6233K, committed 6272K, reserved 1048576K
}
Event: 15.168 GC heap before
{Heap before GC invocations=18 (full 0):
 garbage-first heap   total 180224K, used 99635K [0x0000000605000000, 0x0000000800000000)
  region size 4096K, 4 young (16384K), 2 survivors (8192K)
 Metaspace       used 44704K, capacity 44998K, committed 45616K, reserved 1089536K
  class space    used 6165K, capacity 6265K, committed 6272K, reserved 1048576K
}
Event: 15.170 GC heap after
{Heap after GC invocations=19 (full 0):
 garbage-first heap   total 180224K, used 97309K [0x0000000605000000, 0x0000000800000000)
  region size 4096K, 1 young (4096K), 1 survivors (4096K)
 Metaspace       used 44704K, capacity 44998K, committed 45616K, reserved 1089536K
  class space    used 6165K, capacity 6265K, committed 6272K, reserved 1048576K
}
Event: 15.280 GC heap before
{Heap before GC invocations=20 (full 0):
 garbage-first heap   total 184320K, used 101405K [0x0000000605000000, 0x0000000800000000)
  region size 4096K, 2 young (8192K), 1 survivors (4096K)
 Metaspace       used 44704K, capacity 44998K, committed 45616K, reserved 1089536K
  class space    used 6165K, capacity 6265K, committed 6272K, reserved 1048576K
}
Event: 15.281 GC heap after
{Heap after GC invocations=21 (full 0):
 garbage-first heap   total 184320K, used 101218K [0x0000000605000000, 0x0000000800000000)
  region size 4096K, 1 young (4096K), 1 survivors (4096K)
 Metaspace       used 44704K, capacity 44998K, committed 45616K, reserved 1089536K
  class space    used 6165K, capacity 6265K, committed 6272K, reserved 1048576K
}
Event: 15.379 GC heap before
{Heap before GC invocations=22 (full 0):
 garbage-first heap   total 204800K, used 109410K [0x0000000605000000, 0x0000000800000000)
  region size 4096K, 2 young (8192K), 1 survivors (4096K)
 Metaspace       used 44707K, capacity 44998K, committed 45616K, reserved 1089536K
  class space    used 6165K, capacity 6265K, committed 6272K, reserved 1048576K
}
Event: 15.380 GC heap after
{Heap after GC invocations=23 (full 0):
 garbage-first heap   total 204800K, used 109366K [0x0000000605000000, 0x0000000800000000)
  region size 4096K, 1 young (4096K), 1 survivors (4096K)
 Metaspace       used 44707K, capacity 44998K, committed 45616K, reserved 1089536K
  class space    used 6165K, capacity 6265K, committed 6272K, reserved 1048576K
}
Event: 15.469 GC heap before
{Heap before GC invocations=24 (full 0):
 garbage-first heap   total 471040K, used 310070K [0x0000000605000000, 0x0000000800000000)
  region size 4096K, 12 young (49152K), 1 survivors (4096K)
 Metaspace       used 44715K, capacity 44998K, committed 45616K, reserved 1089536K
  class space    used 6167K, capacity 6265K, committed 6272K, reserved 1048576K
}
Event: 15.470 GC heap after
{Heap after GC invocations=25 (full 0):
 garbage-first heap   total 471040K, used 256850K [0x0000000605000000, 0x0000000800000000)
  region size 4096K, 1 young (4096K), 1 survivors (4096K)
 Metaspace       used 44715K, capacity 44998K, committed 45616K, reserved 1089536K
  class space    used 6167K, capacity 6265K, committed 6272K, reserved 1048576K
}
Event: 34.419 GC heap before
{Heap before GC invocations=25 (full 0):
 garbage-first heap   total 471040K, used 371538K [0x0000000605000000, 0x0000000800000000)
  region size 4096K, 30 young (122880K), 1 survivors (4096K)
 Metaspace       used 47582K, capacity 47907K, committed 48560K, reserved 1091584K
  class space    used 6501K, capacity 6612K, committed 6656K, reserved 1048576K
}
Event: 34.422 GC heap after
{Heap after GC invocations=26 (full 0):
 garbage-first heap   total 471040K, used 250381K [0x0000000605000000, 0x0000000800000000)
  region size 4096K, 1 young (4096K), 1 survivors (4096K)
 Metaspace       used 47582K, capacity 47907K, committed 48560K, reserved 1091584K
  class space    used 6501K, capacity 6612K, committed 6656K, reserved 1048576K
}

