# JRE version: OpenJDK Runtime Environment (15.0.2+10) (build 15.0.2+10)
# Java VM: OpenJDK 64-Bit Server VM (15.0.2+10, mixed mode, sharing, tiered, compressed oops, g1 gc, windows-amd64)
GC Precious Log:
 CPUs: 20 total, 20 available
 Memory: 32435M
 Large Page Support: Disabled
 NUMA Support: Disabled
 Compressed Oops: Enabled (Zero based)
 Heap Region Size: 4M
 Heap Min Capacity: 8M
 Heap Initial Capacity: 508M
 Heap Max Capacity: 8112M
 Pre-touch: Disabled
 Parallel Workers: 15
 Concurrent Workers: 4
 Concurrent Refinement Workers: 15
 Periodic GC: Disabled
Heap:
 garbage-first heap   total 159744K, used 98882K [0x0000000605000000, 0x0000000800000000)
  region size 4096K, 4 young (16384K), 1 survivors (4096K)
 Metaspace       used 47013K, capacity 47387K, committed 47952K, reserved 1091584K
  class space    used 6444K, capacity 6548K, committed 6656K, reserved 1048576K
GC Heap History (20 events):
Event: 2.732 GC heap before
{Heap before GC invocations=3 (full 0):
 garbage-first heap   total 520192K, used 36258K [0x0000000605000000, 0x0000000800000000)
  region size 4096K, 6 young (24576K), 1 survivors (4096K)
 Metaspace       used 20831K, capacity 20983K, committed 21296K, reserved 1069056K
  class space    used 2321K, capacity 2394K, committed 2432K, reserved 1048576K
}
Event: 2.735 GC heap after
{Heap after GC invocations=4 (full 0):
 garbage-first heap   total 520192K, used 24677K [0x0000000605000000, 0x0000000800000000)
  region size 4096K, 1 young (4096K), 1 survivors (4096K)
 Metaspace       used 20831K, capacity 20983K, committed 21296K, reserved 1069056K
  class space    used 2321K, capacity 2394K, committed 2432K, reserved 1048576K
}
Event: 9.006 GC heap before
{Heap before GC invocations=5 (full 0):
 garbage-first heap   total 110592K, used 86117K [0x0000000605000000, 0x0000000800000000)
  region size 4096K, 16 young (65536K), 1 survivors (4096K)
 Metaspace       used 30508K, capacity 30773K, committed 31280K, reserved 1077248K
  class space    used 3572K, capacity 3689K, committed 3712K, reserved 1048576K
}
Event: 9.013 GC heap after
{Heap after GC invocations=6 (full 0):
 garbage-first heap   total 110592K, used 36378K [0x0000000605000000, 0x0000000800000000)
  region size 4096K, 2 young (8192K), 2 survivors (8192K)
 Metaspace       used 30508K, capacity 30773K, committed 31280K, reserved 1077248K
  class space    used 3572K, capacity 3689K, committed 3712K, reserved 1048576K
}
Event: 11.396 GC heap before
{Heap before GC invocations=6 (full 0):
 garbage-first heap   total 110592K, used 65050K [0x0000000605000000, 0x0000000800000000)
  region size 4096K, 9 young (36864K), 2 survivors (8192K)
 Metaspace       used 33239K, capacity 33590K, committed 34224K, reserved 1079296K
  class space    used 4172K, capacity 4299K, committed 4352K, reserved 1048576K
}
Event: 11.403 GC heap after
{Heap after GC invocations=7 (full 0):
 garbage-first heap   total 110592K, used 44026K [0x0000000605000000, 0x0000000800000000)
  region size 4096K, 2 young (8192K), 2 survivors (8192K)
 Metaspace       used 33239K, capacity 33590K, committed 34224K, reserved 1079296K
  class space    used 4172K, capacity 4299K, committed 4352K, reserved 1048576K
}
Event: 13.257 GC heap before
{Heap before GC invocations=7 (full 0):
 garbage-first heap   total 110592K, used 52218K [0x0000000605000000, 0x0000000800000000)
  region size 4096K, 5 young (20480K), 2 survivors (8192K)
 Metaspace       used 35074K, capacity 35373K, committed 35920K, reserved 1081344K
  class space    used 4444K, capacity 4555K, committed 4608K, reserved 1048576K
}
Event: 13.261 GC heap after
{Heap after GC invocations=8 (full 0):
 garbage-first heap   total 110592K, used 46041K [0x0000000605000000, 0x0000000800000000)
  region size 4096K, 1 young (4096K), 1 survivors (4096K)
 Metaspace       used 35074K, capacity 35373K, committed 35920K, reserved 1081344K
  class space    used 4444K, capacity 4555K, committed 4608K, reserved 1048576K
}
Event: 16.223 GC heap before
{Heap before GC invocations=9 (full 0):
 garbage-first heap   total 110592K, used 70617K [0x0000000605000000, 0x0000000800000000)
  region size 4096K, 7 young (28672K), 1 survivors (4096K)
 Metaspace       used 38311K, capacity 38591K, committed 39120K, reserved 1083392K
  class space    used 5106K, capacity 5200K, committed 5248K, reserved 1048576K
}
Event: 16.228 GC heap after
{Heap after GC invocations=10 (full 0):
 garbage-first heap   total 110592K, used 50160K [0x0000000605000000, 0x0000000800000000)
  region size 4096K, 1 young (4096K), 1 survivors (4096K)
 Metaspace       used 38311K, capacity 38591K, committed 39120K, reserved 1083392K
  class space    used 5106K, capacity 5200K, committed 5248K, reserved 1048576K
}
Event: 17.325 GC heap before
{Heap before GC invocations=10 (full 0):
 garbage-first heap   total 110592K, used 74736K [0x0000000605000000, 0x0000000800000000)
  region size 4096K, 7 young (28672K), 1 survivors (4096K)
 Metaspace       used 41944K, capacity 42301K, committed 42960K, reserved 1087488K
  class space    used 5573K, capacity 5689K, committed 5760K, reserved 1048576K
}
Event: 17.330 GC heap after
{Heap after GC invocations=11 (full 0):
 garbage-first heap   total 110592K, used 56960K [0x0000000605000000, 0x0000000800000000)
  region size 4096K, 1 young (4096K), 1 survivors (4096K)
 Metaspace       used 41944K, capacity 42301K, committed 42960K, reserved 1087488K
  class space    used 5573K, capacity 5689K, committed 5760K, reserved 1048576K
}
Event: 17.857 GC heap before
{Heap before GC invocations=12 (full 0):
 garbage-first heap   total 110592K, used 73344K [0x0000000605000000, 0x0000000800000000)
  region size 4096K, 6 young (24576K), 1 survivors (4096K)
 Metaspace       used 42592K, capacity 42909K, committed 43600K, reserved 1087488K
  class space    used 5754K, capacity 5849K, committed 5888K, reserved 1048576K
}
Event: 17.861 GC heap after
{Heap after GC invocations=13 (full 0):
 garbage-first heap   total 110592K, used 62942K [0x0000000605000000, 0x0000000800000000)
  region size 4096K, 1 young (4096K), 1 survivors (4096K)
 Metaspace       used 42592K, capacity 42909K, committed 43600K, reserved 1087488K
  class space    used 5754K, capacity 5849K, committed 5888K, reserved 1048576K
}
Event: 17.962 GC heap before
{Heap before GC invocations=14 (full 0):
 garbage-first heap   total 151552K, used 83422K [0x0000000605000000, 0x0000000800000000)
  region size 4096K, 4 young (16384K), 1 survivors (4096K)
 Metaspace       used 42722K, capacity 43037K, committed 43728K, reserved 1087488K
  class space    used 5790K, capacity 5913K, committed 6016K, reserved 1048576K
}
Event: 17.965 GC heap after
{Heap after GC invocations=15 (full 0):
 garbage-first heap   total 151552K, used 76487K [0x0000000605000000, 0x0000000800000000)
  region size 4096K, 1 young (4096K), 1 survivors (4096K)
 Metaspace       used 42722K, capacity 43037K, committed 43728K, reserved 1087488K
  class space    used 5790K, capacity 5913K, committed 6016K, reserved 1048576K
}
Event: 18.348 GC heap before
{Heap before GC invocations=15 (full 0):
 garbage-first heap   total 151552K, used 105159K [0x0000000605000000, 0x0000000800000000)
  region size 4096K, 8 young (32768K), 1 survivors (4096K)
 Metaspace       used 43432K, capacity 43742K, committed 44368K, reserved 1087488K
  class space    used 5985K, capacity 6105K, committed 6144K, reserved 1048576K
}
Event: 18.351 GC heap after
{Heap after GC invocations=16 (full 0):
 garbage-first heap   total 151552K, used 84896K [0x0000000605000000, 0x0000000800000000)
  region size 4096K, 1 young (4096K), 1 survivors (4096K)
 Metaspace       used 43432K, capacity 43742K, committed 44368K, reserved 1087488K
  class space    used 5985K, capacity 6105K, committed 6144K, reserved 1048576K
}
Event: 55.977 GC heap before
{Heap before GC invocations=17 (full 0):
 garbage-first heap   total 159744K, used 109472K [0x0000000605000000, 0x0000000800000000)
  region size 4096K, 7 young (28672K), 1 survivors (4096K)
 Metaspace       used 44872K, capacity 45182K, committed 45776K, reserved 1089536K
  class space    used 6172K, capacity 6265K, committed 6272K, reserved 1048576K
}
Event: 55.981 GC heap after
{Heap after GC invocations=18 (full 0):
 garbage-first heap   total 159744K, used 90690K [0x0000000605000000, 0x0000000800000000)
  region size 4096K, 1 young (4096K), 1 survivors (4096K)
 Metaspace       used 44872K, capacity 45182K, committed 45776K, reserved 1089536K
  class space    used 6172K, capacity 6265K, committed 6272K, reserved 1048576K
}

