# JRE version: OpenJDK Runtime Environment (15.0.2+10) (build 15.0.2+10)
# Java VM: OpenJDK 64-Bit Server VM (15.0.2+10, mixed mode, sharing, tiered, compressed oops, g1 gc, windows-amd64)
GC Precious Log:
 CPUs: 20 total, 20 available
 Memory: 16051M
 Large Page Support: Disabled
 NUMA Support: Disabled
 Compressed Oops: Enabled (Zero based)
 Heap Region Size: 2M
 Heap Min Capacity: 8M
 Heap Initial Capacity: 252M
 Heap Max Capacity: 4014M
 Pre-touch: Disabled
 Parallel Workers: 15
 Concurrent Workers: 4
 Concurrent Refinement Workers: 15
 Periodic GC: Disabled
Heap:
 garbage-first heap   total 194560K, used 121641K [0x0000000705200000, 0x0000000800000000)
  region size 2048K, 7 young (14336K), 1 survivors (2048K)
 Metaspace       used 51607K, capacity 51940K, committed 52560K, reserved 1095680K
  class space    used 6787K, capacity 6920K, committed 6992K, reserved 1048576K
GC Heap History (20 events):
Event: 14.868 GC heap before
{Heap before GC invocations=12 (full 0):
 garbage-first heap   total 96256K, used 70365K [0x0000000705200000, 0x0000000800000000)
  region size 2048K, 10 young (20480K), 2 survivors (4096K)
 Metaspace       used 46329K, capacity 46609K, committed 47312K, reserved 1091584K
  class space    used 5913K, capacity 6019K, committed 6096K, reserved 1048576K
}
Event: 14.873 GC heap after
{Heap after GC invocations=13 (full 0):
 garbage-first heap   total 96256K, used 58542K [0x0000000705200000, 0x0000000800000000)
  region size 2048K, 2 young (4096K), 2 survivors (4096K)
 Metaspace       used 46329K, capacity 46609K, committed 47312K, reserved 1091584K
  class space    used 5913K, capacity 6019K, committed 6096K, reserved 1048576K
}
Event: 15.213 GC heap before
{Heap before GC invocations=13 (full 0):
 garbage-first heap   total 96256K, used 70830K [0x0000000705200000, 0x0000000800000000)
  region size 2048K, 9 young (18432K), 2 survivors (4096K)
 Metaspace       used 46913K, capacity 47217K, committed 47696K, reserved 1091584K
  class space    used 6068K, capacity 6179K, committed 6224K, reserved 1048576K
}
Event: 15.216 GC heap after
{Heap after GC invocations=14 (full 0):
 garbage-first heap   total 96256K, used 63915K [0x0000000705200000, 0x0000000800000000)
  region size 2048K, 2 young (4096K), 2 survivors (4096K)
 Metaspace       used 46913K, capacity 47217K, committed 47696K, reserved 1091584K
  class space    used 6068K, capacity 6179K, committed 6224K, reserved 1048576K
}
Event: 15.371 GC heap before
{Heap before GC invocations=15 (full 0):
 garbage-first heap   total 112640K, used 65963K [0x0000000705200000, 0x0000000800000000)
  region size 2048K, 5 young (10240K), 2 survivors (4096K)
 Metaspace       used 47068K, capacity 47409K, committed 48080K, reserved 1091584K
  class space    used 6112K, capacity 6243K, committed 6352K, reserved 1048576K
}
Event: 15.374 GC heap after
{Heap after GC invocations=16 (full 0):
 garbage-first heap   total 112640K, used 65688K [0x0000000705200000, 0x0000000800000000)
  region size 2048K, 1 young (2048K), 1 survivors (2048K)
 Metaspace       used 47068K, capacity 47409K, committed 48080K, reserved 1091584K
  class space    used 6112K, capacity 6243K, committed 6352K, reserved 1048576K
}
Event: 15.526 GC heap before
{Heap before GC invocations=17 (full 0):
 garbage-first heap   total 141312K, used 90264K [0x0000000705200000, 0x0000000800000000)
  region size 2048K, 9 young (18432K), 1 survivors (2048K)
 Metaspace       used 47346K, capacity 47665K, committed 48336K, reserved 1091584K
  class space    used 6180K, capacity 6307K, committed 6352K, reserved 1048576K
}
Event: 15.529 GC heap after
{Heap after GC invocations=18 (full 0):
 garbage-first heap   total 141312K, used 77653K [0x0000000705200000, 0x0000000800000000)
  region size 2048K, 2 young (4096K), 2 survivors (4096K)
 Metaspace       used 47346K, capacity 47665K, committed 48336K, reserved 1091584K
  class space    used 6180K, capacity 6307K, committed 6352K, reserved 1048576K
}
Event: 15.882 GC heap before
{Heap before GC invocations=18 (full 0):
 garbage-first heap   total 141312K, used 104277K [0x0000000705200000, 0x0000000800000000)
  region size 2048K, 15 young (30720K), 2 survivors (4096K)
 Metaspace       used 47948K, capacity 48274K, committed 48848K, reserved 1091584K
  class space    used 6357K, capacity 6467K, committed 6608K, reserved 1048576K
}
Event: 15.886 GC heap after
{Heap after GC invocations=19 (full 0):
 garbage-first heap   total 141312K, used 85397K [0x0000000705200000, 0x0000000800000000)
  region size 2048K, 2 young (4096K), 2 survivors (4096K)
 Metaspace       used 47948K, capacity 48274K, committed 48848K, reserved 1091584K
  class space    used 6357K, capacity 6467K, committed 6608K, reserved 1048576K
}
Event: 21.167 GC heap before
{Heap before GC invocations=20 (full 0):
 garbage-first heap   total 147456K, used 105877K [0x0000000705200000, 0x0000000800000000)
  region size 2048K, 13 young (26624K), 2 survivors (4096K)
 Metaspace       used 49725K, capacity 50002K, committed 50512K, reserved 1093632K
  class space    used 6557K, capacity 6659K, committed 6736K, reserved 1048576K
}
Event: 21.173 GC heap after
{Heap after GC invocations=21 (full 0):
 garbage-first heap   total 147456K, used 90635K [0x0000000705200000, 0x0000000800000000)
  region size 2048K, 2 young (4096K), 2 survivors (4096K)
 Metaspace       used 49725K, capacity 50002K, committed 50512K, reserved 1093632K
  class space    used 6557K, capacity 6659K, committed 6736K, reserved 1048576K
}
Event: 219.926 GC heap before
{Heap before GC invocations=21 (full 0):
 garbage-first heap   total 147456K, used 113163K [0x0000000705200000, 0x0000000800000000)
  region size 2048K, 13 young (26624K), 2 survivors (4096K)
 Metaspace       used 49831K, capacity 50130K, committed 50768K, reserved 1093632K
  class space    used 6559K, capacity 6659K, committed 6736K, reserved 1048576K
}
Event: 219.934 GC heap after
{Heap after GC invocations=22 (full 0):
 garbage-first heap   total 147456K, used 91181K [0x0000000705200000, 0x0000000800000000)
  region size 2048K, 1 young (2048K), 1 survivors (2048K)
 Metaspace       used 49831K, capacity 50130K, committed 50768K, reserved 1093632K
  class space    used 6559K, capacity 6659K, committed 6736K, reserved 1048576K
}
Event: 437.056 GC heap before
{Heap before GC invocations=23 (full 0):
 garbage-first heap   total 161792K, used 113709K [0x0000000705200000, 0x0000000800000000)
  region size 2048K, 12 young (24576K), 1 survivors (2048K)
 Metaspace       used 49845K, capacity 50130K, committed 50768K, reserved 1093632K
  class space    used 6559K, capacity 6659K, committed 6736K, reserved 1048576K
}
Event: 437.062 GC heap after
{Heap after GC invocations=24 (full 0):
 garbage-first heap   total 161792K, used 90857K [0x0000000705200000, 0x0000000800000000)
  region size 2048K, 1 young (2048K), 1 survivors (2048K)
 Metaspace       used 49845K, capacity 50130K, committed 50768K, reserved 1093632K
  class space    used 6559K, capacity 6659K, committed 6736K, reserved 1048576K
}
Event: 527.936 GC heap before
{Heap before GC invocations=24 (full 0):
 garbage-first heap   total 161792K, used 99049K [0x0000000705200000, 0x0000000800000000)
  region size 2048K, 6 young (12288K), 1 survivors (2048K)
 Metaspace       used 49864K, capacity 50194K, committed 50768K, reserved 1093632K
  class space    used 6562K, capacity 6659K, committed 6736K, reserved 1048576K
}
Event: 527.937 GC heap after
{Heap after GC invocations=25 (full 0):
 garbage-first heap   total 161792K, used 90909K [0x0000000705200000, 0x0000000800000000)
  region size 2048K, 1 young (2048K), 1 survivors (2048K)
 Metaspace       used 49864K, capacity 50194K, committed 50768K, reserved 1093632K
  class space    used 6562K, capacity 6659K, committed 6736K, reserved 1048576K
}
Event: 528.019 GC heap before
{Heap before GC invocations=26 (full 0):
 garbage-first heap   total 174080K, used 99101K [0x0000000705200000, 0x0000000800000000)
  region size 2048K, 2 young (4096K), 1 survivors (2048K)
 Metaspace       used 49885K, capacity 50197K, committed 50768K, reserved 1093632K
  class space    used 6564K, capacity 6660K, committed 6736K, reserved 1048576K
}
Event: 528.020 GC heap after
{Heap after GC invocations=27 (full 0):
 garbage-first heap   total 174080K, used 99113K [0x0000000705200000, 0x0000000800000000)
  region size 2048K, 1 young (2048K), 1 survivors (2048K)
 Metaspace       used 49885K, capacity 50197K, committed 50768K, reserved 1093632K
  class space    used 6564K, capacity 6660K, committed 6736K, reserved 1048576K
}

