# JRE version: OpenJDK Runtime Environment (15.0.2+10) (build 15.0.2+10)
# Java VM: OpenJDK 64-Bit Server VM (15.0.2+10, mixed mode, sharing, tiered, compressed oops, g1 gc, windows-amd64)
GC Precious Log:
 CPUs: 20 total, 20 available
 Memory: 32435M
 Large Page Support: Disabled
 NUMA Support: Disabled
 Compressed Oops: Enabled (Zero based)
 Heap Region Size: 4M
 Heap Min Capacity: 8M
 Heap Initial Capacity: 508M
 Heap Max Capacity: 8112M
 Pre-touch: Disabled
 Parallel Workers: 15
 Concurrent Workers: 4
 Concurrent Refinement Workers: 15
 Periodic GC: Disabled
Heap:
 garbage-first heap   total 184320K, used 107575K [0x0000000605000000, 0x0000000800000000)
  region size 4096K, 4 young (16384K), 1 survivors (4096K)
 Metaspace       used 47268K, capacity 47584K, committed 48336K, reserved 1091584K
  class space    used 6339K, capacity 6429K, committed 6528K, reserved 1048576K
GC Heap History (20 events):
Event: 1.822 GC heap before
{Heap before GC invocations=3 (full 0):
 garbage-first heap   total 520192K, used 36308K [0x0000000605000000, 0x0000000800000000)
  region size 4096K, 6 young (24576K), 1 survivors (4096K)
 Metaspace       used 20676K, capacity 20953K, committed 21296K, reserved 1069056K
  class space    used 2275K, capacity 2394K, committed 2432K, reserved 1048576K
}
Event: 1.824 GC heap after
{Heap after GC invocations=4 (full 0):
 garbage-first heap   total 520192K, used 24754K [0x0000000605000000, 0x0000000800000000)
  region size 4096K, 1 young (4096K), 1 survivors (4096K)
 Metaspace       used 20676K, capacity 20953K, committed 21296K, reserved 1069056K
  class space    used 2275K, capacity 2394K, committed 2432K, reserved 1048576K
}
Event: 5.833 GC heap before
{Heap before GC invocations=5 (full 0):
 garbage-first heap   total 110592K, used 86194K [0x0000000605000000, 0x0000000800000000)
  region size 4096K, 16 young (65536K), 1 survivors (4096K)
 Metaspace       used 30881K, capacity 31120K, committed 31536K, reserved 1077248K
  class space    used 3584K, capacity 3657K, committed 3712K, reserved 1048576K
}
Event: 5.839 GC heap after
{Heap after GC invocations=6 (full 0):
 garbage-first heap   total 110592K, used 36782K [0x0000000605000000, 0x0000000800000000)
  region size 4096K, 2 young (8192K), 2 survivors (8192K)
 Metaspace       used 30881K, capacity 31120K, committed 31536K, reserved 1077248K
  class space    used 3584K, capacity 3657K, committed 3712K, reserved 1048576K
}
Event: 7.711 GC heap before
{Heap before GC invocations=6 (full 0):
 garbage-first heap   total 110592K, used 61358K [0x0000000605000000, 0x0000000800000000)
  region size 4096K, 9 young (36864K), 2 survivors (8192K)
 Metaspace       used 34191K, capacity 34431K, committed 35248K, reserved 1081344K
  class space    used 4189K, capacity 4267K, committed 4352K, reserved 1048576K
}
Event: 7.715 GC heap after
{Heap after GC invocations=7 (full 0):
 garbage-first heap   total 110592K, used 44333K [0x0000000605000000, 0x0000000800000000)
  region size 4096K, 2 young (8192K), 2 survivors (8192K)
 Metaspace       used 34191K, capacity 34431K, committed 35248K, reserved 1081344K
  class space    used 4189K, capacity 4267K, committed 4352K, reserved 1048576K
}
Event: 8.222 GC heap before
{Heap before GC invocations=7 (full 0):
 garbage-first heap   total 110592K, used 48429K [0x0000000605000000, 0x0000000800000000)
  region size 4096K, 4 young (16384K), 2 survivors (8192K)
 Metaspace       used 34999K, capacity 35264K, committed 35920K, reserved 1081344K
  class space    used 4277K, capacity 4331K, committed 4352K, reserved 1048576K
}
Event: 8.227 GC heap after
{Heap after GC invocations=8 (full 0):
 garbage-first heap   total 110592K, used 45657K [0x0000000605000000, 0x0000000800000000)
  region size 4096K, 1 young (4096K), 1 survivors (4096K)
 Metaspace       used 34999K, capacity 35264K, committed 35920K, reserved 1081344K
  class space    used 4277K, capacity 4331K, committed 4352K, reserved 1048576K
}
Event: 10.677 GC heap before
{Heap before GC invocations=9 (full 0):
 garbage-first heap   total 110592K, used 70233K [0x0000000605000000, 0x0000000800000000)
  region size 4096K, 7 young (28672K), 1 survivors (4096K)
 Metaspace       used 37514K, capacity 37762K, committed 38480K, reserved 1083392K
  class space    used 4922K, capacity 5035K, committed 5120K, reserved 1048576K
}
Event: 10.680 GC heap after
{Heap after GC invocations=10 (full 0):
 garbage-first heap   total 110592K, used 50158K [0x0000000605000000, 0x0000000800000000)
  region size 4096K, 1 young (4096K), 1 survivors (4096K)
 Metaspace       used 37514K, capacity 37762K, committed 38480K, reserved 1083392K
  class space    used 4922K, capacity 5035K, committed 5120K, reserved 1048576K
}
Event: 11.686 GC heap before
{Heap before GC invocations=10 (full 0):
 garbage-first heap   total 110592K, used 74734K [0x0000000605000000, 0x0000000800000000)
  region size 4096K, 7 young (28672K), 1 survivors (4096K)
 Metaspace       used 42242K, capacity 42544K, committed 43344K, reserved 1087488K
  class space    used 5477K, capacity 5561K, committed 5632K, reserved 1048576K
}
Event: 11.689 GC heap after
{Heap after GC invocations=11 (full 0):
 garbage-first heap   total 110592K, used 56339K [0x0000000605000000, 0x0000000800000000)
  region size 4096K, 1 young (4096K), 1 survivors (4096K)
 Metaspace       used 42242K, capacity 42544K, committed 43344K, reserved 1087488K
  class space    used 5477K, capacity 5561K, committed 5632K, reserved 1048576K
}
Event: 12.132 GC heap before
{Heap before GC invocations=12 (full 0):
 garbage-first heap   total 110592K, used 68627K [0x0000000605000000, 0x0000000800000000)
  region size 4096K, 6 young (24576K), 1 survivors (4096K)
 Metaspace       used 43007K, capacity 43344K, committed 44112K, reserved 1087488K
  class space    used 5684K, capacity 5785K, committed 5888K, reserved 1048576K
}
Event: 12.135 GC heap after
{Heap after GC invocations=13 (full 0):
 garbage-first heap   total 110592K, used 63344K [0x0000000605000000, 0x0000000800000000)
  region size 4096K, 1 young (4096K), 1 survivors (4096K)
 Metaspace       used 43007K, capacity 43344K, committed 44112K, reserved 1087488K
  class space    used 5684K, capacity 5785K, committed 5888K, reserved 1048576K
}
Event: 12.239 GC heap before
{Heap before GC invocations=14 (full 0):
 garbage-first heap   total 151552K, used 83824K [0x0000000605000000, 0x0000000800000000)
  region size 4096K, 4 young (16384K), 1 survivors (4096K)
 Metaspace       used 43141K, capacity 43504K, committed 44112K, reserved 1087488K
  class space    used 5721K, capacity 5817K, committed 5888K, reserved 1048576K
}
Event: 12.242 GC heap after
{Heap after GC invocations=15 (full 0):
 garbage-first heap   total 151552K, used 76607K [0x0000000605000000, 0x0000000800000000)
  region size 4096K, 1 young (4096K), 1 survivors (4096K)
 Metaspace       used 43141K, capacity 43504K, committed 44112K, reserved 1087488K
  class space    used 5721K, capacity 5817K, committed 5888K, reserved 1048576K
}
Event: 12.603 GC heap before
{Heap before GC invocations=15 (full 0):
 garbage-first heap   total 151552K, used 105279K [0x0000000605000000, 0x0000000800000000)
  region size 4096K, 8 young (32768K), 1 survivors (4096K)
 Metaspace       used 43848K, capacity 44145K, committed 44752K, reserved 1087488K
  class space    used 5916K, capacity 6009K, committed 6016K, reserved 1048576K
}
Event: 12.606 GC heap after
{Heap after GC invocations=16 (full 0):
 garbage-first heap   total 151552K, used 85040K [0x0000000605000000, 0x0000000800000000)
  region size 4096K, 1 young (4096K), 1 survivors (4096K)
 Metaspace       used 43848K, capacity 44145K, committed 44752K, reserved 1087488K
  class space    used 5916K, capacity 6009K, committed 6016K, reserved 1048576K
}
Event: 13.074 GC heap before
{Heap before GC invocations=17 (full 0):
 garbage-first heap   total 159744K, used 101424K [0x0000000605000000, 0x0000000800000000)
  region size 4096K, 6 young (24576K), 1 survivors (4096K)
 Metaspace       used 45072K, capacity 45393K, committed 46032K, reserved 1089536K
  class space    used 6084K, capacity 6169K, committed 6272K, reserved 1048576K
}
Event: 13.076 GC heap after
{Heap after GC invocations=18 (full 0):
 garbage-first heap   total 159744K, used 91191K [0x0000000605000000, 0x0000000800000000)
  region size 4096K, 1 young (4096K), 1 survivors (4096K)
 Metaspace       used 45072K, capacity 45393K, committed 46032K, reserved 1089536K
  class space    used 6084K, capacity 6169K, committed 6272K, reserved 1048576K
}

